2024-11-06 12:57:26,428 [INFO] Activator:176 - 


2024-11-06 12:57:26,440 [INFO] Activator:177 - !SESSION log4j initialized
2024-11-06 12:57:35,508 [INFO] LogOutputStream:77 - [STDOUT_REDIRECT] 
2024-11-06 12:57:40,078 [INFO] ApplicationProperties:184 - Using Application install path: D:\PiYuanZhouLv\ST\STM32CubeIDE_1.15.1\STM32CubeIDE\plugins\com.st.stm32cube.common.mx_6.12.1.202409122256
2024-11-06 12:57:40,112 [INFO] DbMcusXml:78 - Set database path to: D:\PiYuanZhouLv\ST\STM32CubeIDE_1.15.1\STM32CubeIDE\plugins\com.st.stm32cube.common.mx_6.12.1.202409122256\\db\/mcu/
2024-11-06 12:57:40,113 [INFO] ApiDb:274 - Set plugin database path to: D:\PiYuanZhouLv\ST\STM32CubeIDE_1.15.1\STM32CubeIDE\plugins\com.st.stm32cube.common.mx_6.12.1.202409122256\\db\/plugins/boardmanager/
2024-11-06 12:57:40,114 [WARN] ApiDb:259 - Overriding images path with different value:  => D:\PiYuanZhouLv\ST\STM32CubeIDE_1.15.1\STM32CubeIDE\plugins\com.st.stm32cube.common.mx_6.12.1.202409122256\\db\/plugins/mcufinder/images/
2024-11-06 12:57:40,136 [INFO] ApiDb:250 - Set database path to: C:\Users\LENOVO\.stmcufinder\plugins\mcufinder//mcu/
2024-11-06 12:57:40,139 [INFO] DbMcusAds:125 - Set database path to: C:\Users\LENOVO\.stmcufinder\plugins\mcufinder//mcu/
2024-11-06 12:57:40,144 [INFO] CrossReferenceDbSqlite:203 - Set database path to: C:\Users\LENOVO\.stmcufinder\plugins\mcufinder//mcu/cs/
2024-11-06 12:57:40,401 [INFO] RulesReader:64 - Compatibility file has been processed (297 Rules)
2024-11-06 12:57:40,623 [INFO] DbMcusXml:78 - Set database path to: D:\PiYuanZhouLv\ST\STM32CubeIDE_1.15.1\STM32CubeIDE\plugins\com.st.stm32cube.common.mx_6.12.1.202409122256\\db\/mcu/
2024-11-06 12:57:40,624 [INFO] ApiDb:274 - Set plugin database path to: D:\PiYuanZhouLv\ST\STM32CubeIDE_1.15.1\STM32CubeIDE\plugins\com.st.stm32cube.common.mx_6.12.1.202409122256\\db\/plugins/boardmanager/
2024-11-06 12:57:40,625 [INFO] ApiDb:261 - Set plugin images path to: D:\PiYuanZhouLv\ST\STM32CubeIDE_1.15.1\STM32CubeIDE\plugins\com.st.stm32cube.common.mx_6.12.1.202409122256\\db\/plugins/mcufinder/images/
2024-11-06 12:57:40,625 [WARN] DbFile:41 - Overriding database path with different value: C:\Users\LENOVO\.stmcufinder\plugins\mcufinder/ => C:\Users\LENOVO\.stmcufinder\plugins\mcufinder
2024-11-06 12:57:40,625 [INFO] ApiDb:250 - Set database path to: C:\Users\LENOVO\.stmcufinder\plugins\mcufinder//mcu/
2024-11-06 12:57:40,626 [WARN] DbFile:41 - Overriding database path with different value: C:\Users\LENOVO\.stmcufinder\plugins\mcufinder/ => C:\Users\LENOVO\.stmcufinder\plugins\mcufinder
2024-11-06 12:57:40,626 [INFO] DbMcusAds:125 - Set database path to: C:\Users\LENOVO\.stmcufinder\plugins\mcufinder//mcu/
2024-11-06 12:57:40,626 [WARN] DbFile:41 - Overriding database path with different value: C:\Users\LENOVO\.stmcufinder\plugins\mcufinder/ => C:\Users\LENOVO\.stmcufinder\plugins\mcufinder
2024-11-06 12:57:40,626 [WARN] DbFile:41 - Overriding database path with different value: C:\Users\LENOVO\.stmcufinder\plugins\mcufinder/ => C:\Users\LENOVO\.stmcufinder\plugins\mcufinder
2024-11-06 12:57:40,627 [INFO] CrossReferenceDbSqlite:203 - Set database path to: C:\Users\LENOVO\.stmcufinder\plugins\mcufinder//mcu/cs/
2024-11-06 12:57:40,834 [INFO] MainPanel:268 - HeapMemory: 268435456
2024-11-06 12:57:41,093 [INFO] DbMcusXml:78 - Set database path to: D:\PiYuanZhouLv\ST\STM32CubeIDE_1.15.1\STM32CubeIDE\plugins\com.st.stm32cube.common.mx_6.12.1.202409122256\\db\/mcu/
2024-11-06 12:57:41,094 [INFO] ApiDb:274 - Set plugin database path to: D:\PiYuanZhouLv\ST\STM32CubeIDE_1.15.1\STM32CubeIDE\plugins\com.st.stm32cube.common.mx_6.12.1.202409122256\\db\/plugins/boardmanager/
2024-11-06 12:57:41,094 [INFO] ApiDb:261 - Set plugin images path to: D:\PiYuanZhouLv\ST\STM32CubeIDE_1.15.1\STM32CubeIDE\plugins\com.st.stm32cube.common.mx_6.12.1.202409122256\\db\/plugins/mcufinder/images/
2024-11-06 12:57:41,095 [WARN] DbFile:41 - Overriding database path with different value: C:\Users\LENOVO\.stmcufinder\plugins\mcufinder/ => C:\Users\LENOVO\.stmcufinder\plugins\mcufinder
2024-11-06 12:57:41,095 [INFO] ApiDb:250 - Set database path to: C:\Users\LENOVO\.stmcufinder\plugins\mcufinder//mcu/
2024-11-06 12:57:41,095 [WARN] DbFile:41 - Overriding database path with different value: C:\Users\LENOVO\.stmcufinder\plugins\mcufinder/ => C:\Users\LENOVO\.stmcufinder\plugins\mcufinder
2024-11-06 12:57:41,096 [INFO] DbMcusAds:125 - Set database path to: C:\Users\LENOVO\.stmcufinder\plugins\mcufinder//mcu/
2024-11-06 12:57:41,096 [WARN] DbFile:41 - Overriding database path with different value: C:\Users\LENOVO\.stmcufinder\plugins\mcufinder/ => C:\Users\LENOVO\.stmcufinder\plugins\mcufinder
2024-11-06 12:57:41,096 [WARN] DbFile:41 - Overriding database path with different value: C:\Users\LENOVO\.stmcufinder\plugins\mcufinder/ => C:\Users\LENOVO\.stmcufinder\plugins\mcufinder
2024-11-06 12:57:41,096 [INFO] CrossReferenceDbSqlite:203 - Set database path to: C:\Users\LENOVO\.stmcufinder\plugins\mcufinder//mcu/cs/
2024-11-06 12:57:41,137 [INFO] ApplicationProperties:184 - Using Application install path: D:\PiYuanZhouLv\ST\STM32CubeIDE_1.15.1\STM32CubeIDE\plugins\com.st.stm32cube.common.mx_6.12.1.202409122256
2024-11-06 12:57:41,139 [INFO] PluginManage:196 - Search for loadable plugins [exclusion list=, ]
2024-11-06 12:57:41,143 [INFO] PluginManage:310 - Check plugin analytics
2024-11-06 12:57:41,507 [INFO] AnalyticsPlugin:253 - Accepted Software Licenses: STM32CubeMX.6.11.1,STM32CubeMX.6.12.1
2024-11-06 12:57:41,508 [INFO] AnalyticsPlugin:255 - Accepted CMSIS Pack Licenses: 
2024-11-06 12:57:41,509 [INFO] AnalyticsPlugin:257 - Accepted Firmware Licenses: 
2024-11-06 12:57:41,514 [INFO] PluginManage:359 - Loaded plugin analytics (category:tool,tabindex:-1)
2024-11-06 12:57:41,515 [INFO] PluginManage:310 - Check plugin cadmodel
2024-11-06 12:57:41,525 [INFO] CADModel:105 - Init CAD model plugin
2024-11-06 12:57:41,525 [INFO] PluginManage:359 - Loaded plugin cadmodel (category:power,tabindex:5)
2024-11-06 12:57:41,526 [INFO] PluginManage:310 - Check plugin clock
2024-11-06 12:57:41,550 [INFO] PluginManage:359 - Loaded plugin clock (category:base,tabindex:2)
2024-11-06 12:57:41,551 [INFO] PluginManage:310 - Check plugin ddr
2024-11-06 12:57:41,557 [INFO] PluginManage:359 - Loaded plugin ddr (category:tool,tabindex:6)
2024-11-06 12:57:41,557 [INFO] PluginManage:310 - Check plugin filemanager
2024-11-06 12:57:41,890 [INFO] PluginManage:359 - Loaded plugin filemanager (category:base,tabindex:10)
2024-11-06 12:57:41,891 [INFO] PluginManage:310 - Check plugin ipmanager
2024-11-06 12:57:41,912 [INFO] PluginManage:359 - Loaded plugin ipmanager (category:base,tabindex:5)
2024-11-06 12:57:41,912 [INFO] PluginManage:310 - Check plugin lpbam
2024-11-06 12:57:41,930 [INFO] PluginManage:359 - Loaded plugin lpbam (category:base,tabindex:0)
2024-11-06 12:57:41,930 [INFO] PluginManage:310 - Check plugin memorymap
2024-11-06 12:57:41,962 [INFO] PluginManage:359 - Loaded plugin memorymap (category:base,tabindex:4)
2024-11-06 12:57:41,963 [INFO] PluginManage:310 - Check plugin pinoutandconfiguration
2024-11-06 12:57:41,985 [INFO] PluginManage:359 - Loaded plugin pinoutandconfiguration (category:base,tabindex:1)
2024-11-06 12:57:41,986 [INFO] PluginManage:310 - Check plugin pinoutconfig
2024-11-06 12:57:42,156 [WARN] SupportedApi:132 - Cannot load RTOS API schema: s4s-elt-must-match.1: The content of 'definitions' must match (annotation?, (simpleType | complexType)?, (unique | key | keyref)*)). A problem was found starting at: attribute.
2024-11-06 12:57:42,434 [INFO] PluginManage:359 - Loaded plugin pinoutconfig (category:base,tabindex:0)
2024-11-06 12:57:42,434 [INFO] PluginManage:310 - Check plugin power
2024-11-06 12:57:42,450 [INFO] PluginManage:359 - Loaded plugin power (category:power,tabindex:4)
2024-11-06 12:57:42,450 [INFO] PluginManage:310 - Check plugin projectmanager
2024-11-06 12:57:42,479 [INFO] PluginManage:359 - Loaded plugin projectmanager (category:projectmanager,tabindex:4)
2024-11-06 12:57:42,479 [INFO] PluginManage:310 - Check plugin rif
2024-11-06 12:57:42,490 [INFO] PluginManage:359 - Loaded plugin rif (category:base,tabindex:3)
2024-11-06 12:57:42,490 [INFO] PluginManage:310 - Check plugin thirdparty
2024-11-06 12:57:42,710 [INFO] PluginManage:359 - Loaded plugin thirdparty (category:base,tabindex:-1)
2024-11-06 12:57:42,710 [WARN] IntegrityCheckThread:84 - waiting for thirdparty lock release [integrity check]
2024-11-06 12:57:42,710 [INFO] PluginManage:310 - Check plugin tools
2024-11-06 12:57:42,711 [INFO] IntegrityCheckThread:86 - entering critical section [integrity check]
2024-11-06 12:57:42,711 [INFO] ThirdPartyUpdaterWithRetryManager:70 - Updater plugin not ready yet. [1/15]
2024-11-06 12:57:42,715 [INFO] PluginManage:359 - Loaded plugin tools (category:base,tabindex:7)
2024-11-06 12:57:42,715 [INFO] PluginManage:310 - Check plugin tutovideos
2024-11-06 12:57:43,019 [INFO] PluginManage:359 - Loaded plugin tutovideos (category:base,tabindex:-1)
2024-11-06 12:57:43,019 [INFO] PluginManage:310 - Check plugin updater
2024-11-06 12:57:43,046 [INFO] PluginManage:359 - Loaded plugin updater (category:base,tabindex:12)
2024-11-06 12:57:43,046 [INFO] PluginManage:310 - Check plugin userauth
2024-11-06 12:57:43,053 [INFO] UserAuth:113 - Init User Auth plugin
2024-11-06 12:57:43,054 [INFO] PluginManage:359 - Loaded plugin userauth (category:base,tabindex:14)
2024-11-06 12:57:43,054 [INFO] PluginManage:283 - PluginManage : Loaded plugins [18]
2024-11-06 12:57:43,417 [INFO] PinOutPanel:1561 - setPackage(No Configuration,No Configuration)
2024-11-06 12:57:43,581 [INFO] CADModel:165 - CPN selected for project level
2024-11-06 12:57:43,581 [INFO] CADModel:114 - Register for checkConnection events
2024-11-06 12:57:43,606 [INFO] IPUIPlugin:80 - create IPUIPlugin
2024-11-06 12:57:43,606 [INFO] PluginManager:220 - loadIPPluginJar : add adc
2024-11-06 12:57:43,610 [INFO] IPUIPlugin:80 - create IPUIPlugin
2024-11-06 12:57:43,610 [INFO] PluginManager:220 - loadIPPluginJar : add aes
2024-11-06 12:57:43,613 [INFO] IPUIPlugin:80 - create IPUIPlugin
2024-11-06 12:57:43,614 [INFO] PluginManager:220 - loadIPPluginJar : add can
2024-11-06 12:57:43,617 [INFO] IPUIPlugin:80 - create IPUIPlugin
2024-11-06 12:57:43,617 [INFO] PluginManager:220 - loadIPPluginJar : add comp
2024-11-06 12:57:43,622 [INFO] IPUIPlugin:80 - create IPUIPlugin
2024-11-06 12:57:43,623 [INFO] PluginManager:220 - loadIPPluginJar : add cryp
2024-11-06 12:57:43,628 [INFO] IPUIPlugin:80 - create IPUIPlugin
2024-11-06 12:57:43,628 [INFO] PluginManager:220 - loadIPPluginJar : add ddr_ctrl_phy
2024-11-06 12:57:43,633 [INFO] IPUIPlugin:80 - create IPUIPlugin
2024-11-06 12:57:43,633 [INFO] PluginManager:220 - loadIPPluginJar : add dfsdm
2024-11-06 12:57:43,643 [INFO] IPUIPlugin:80 - create IPUIPlugin
2024-11-06 12:57:43,644 [INFO] PluginManager:220 - loadIPPluginJar : add dma
2024-11-06 12:57:43,648 [INFO] IPUIPlugin:80 - create IPUIPlugin
2024-11-06 12:57:43,648 [INFO] PluginManager:220 - loadIPPluginJar : add dma3
2024-11-06 12:57:43,653 [INFO] IPUIPlugin:80 - create IPUIPlugin
2024-11-06 12:57:43,654 [INFO] PluginManager:220 - loadIPPluginJar : add extmemmanager
2024-11-06 12:57:43,657 [INFO] IPUIPlugin:80 - create IPUIPlugin
2024-11-06 12:57:43,657 [INFO] PluginManager:220 - loadIPPluginJar : add fatfs
2024-11-06 12:57:43,665 [INFO] IPUIPlugin:80 - create IPUIPlugin
2024-11-06 12:57:43,666 [INFO] PluginManager:220 - loadIPPluginJar : add fmc
2024-11-06 12:57:43,675 [INFO] IPUIPlugin:80 - create IPUIPlugin
2024-11-06 12:57:43,675 [INFO] PluginManager:220 - loadIPPluginJar : add freertos
2024-11-06 12:57:43,679 [INFO] IPUIPlugin:80 - create IPUIPlugin
2024-11-06 12:57:43,679 [INFO] PluginManager:220 - loadIPPluginJar : add genericplugin
2024-11-06 12:57:43,685 [INFO] IPUIPlugin:80 - create IPUIPlugin
2024-11-06 12:57:43,685 [INFO] PluginManager:220 - loadIPPluginJar : add gfxmmu
2024-11-06 12:57:43,694 [INFO] IPUIPlugin:80 - create IPUIPlugin
2024-11-06 12:57:43,694 [INFO] PluginManager:220 - loadIPPluginJar : add gic
2024-11-06 12:57:43,701 [INFO] IPUIPlugin:80 - create IPUIPlugin
2024-11-06 12:57:43,701 [INFO] PluginManager:220 - loadIPPluginJar : add gpio
2024-11-06 12:57:43,706 [INFO] IPUIPlugin:80 - create IPUIPlugin
2024-11-06 12:57:43,706 [INFO] PluginManager:220 - loadIPPluginJar : add gtzc
2024-11-06 12:57:43,711 [INFO] IPUIPlugin:80 - create IPUIPlugin
2024-11-06 12:57:43,711 [INFO] PluginManager:220 - loadIPPluginJar : add hash
2024-11-06 12:57:43,716 [INFO] IPUIPlugin:80 - create IPUIPlugin
2024-11-06 12:57:43,716 [INFO] PluginManager:220 - loadIPPluginJar : add i2c
2024-11-06 12:57:43,721 [INFO] IPUIPlugin:80 - create IPUIPlugin
2024-11-06 12:57:43,722 [INFO] PluginManager:220 - loadIPPluginJar : add i2s
2024-11-06 12:57:43,730 [INFO] IPUIPlugin:80 - create IPUIPlugin
2024-11-06 12:57:43,730 [INFO] PluginManager:220 - loadIPPluginJar : add i3c
2024-11-06 12:57:43,735 [INFO] IPUIPlugin:80 - create IPUIPlugin
2024-11-06 12:57:43,736 [INFO] PluginManager:220 - loadIPPluginJar : add ipddr
2024-11-06 12:57:43,746 [INFO] IPUIPlugin:80 - create IPUIPlugin
2024-11-06 12:57:43,747 [INFO] PluginManager:220 - loadIPPluginJar : add linkedlist
2024-11-06 12:57:43,752 [INFO] IPUIPlugin:80 - create IPUIPlugin
2024-11-06 12:57:43,752 [INFO] PluginManager:220 - loadIPPluginJar : add lorawan
2024-11-06 12:57:43,755 [INFO] IPUIPlugin:80 - create IPUIPlugin
2024-11-06 12:57:43,756 [INFO] PluginManager:220 - loadIPPluginJar : add ltdc
2024-11-06 12:57:43,767 [INFO] IPUIPlugin:80 - create IPUIPlugin
2024-11-06 12:57:43,767 [INFO] PluginManager:220 - loadIPPluginJar : add mdma
2024-11-06 12:57:43,774 [INFO] IPUIPlugin:80 - create IPUIPlugin
2024-11-06 12:57:43,775 [INFO] PluginManager:220 - loadIPPluginJar : add nvic
2024-11-06 12:57:43,781 [INFO] IPUIPlugin:80 - create IPUIPlugin
2024-11-06 12:57:43,782 [INFO] PluginManager:220 - loadIPPluginJar : add opamp
2024-11-06 12:57:43,786 [INFO] IPUIPlugin:80 - create IPUIPlugin
2024-11-06 12:57:43,787 [INFO] PluginManager:220 - loadIPPluginJar : add openamp
2024-11-06 12:57:43,793 [INFO] IPUIPlugin:80 - create IPUIPlugin
2024-11-06 12:57:43,793 [INFO] PluginManager:220 - loadIPPluginJar : add pdm2pcm
2024-11-06 12:57:43,805 [INFO] IPUIPlugin:80 - create IPUIPlugin
2024-11-06 12:57:43,810 [INFO] PluginManager:220 - loadIPPluginJar : add plateformsettings
2024-11-06 12:57:43,814 [INFO] IPUIPlugin:80 - create IPUIPlugin
2024-11-06 12:57:43,814 [INFO] PluginManager:220 - loadIPPluginJar : add quadspi
2024-11-06 12:57:43,818 [INFO] IPUIPlugin:80 - create IPUIPlugin
2024-11-06 12:57:43,820 [INFO] PluginManager:220 - loadIPPluginJar : add radio
2024-11-06 12:57:43,828 [INFO] IPUIPlugin:80 - create IPUIPlugin
2024-11-06 12:57:43,829 [INFO] PluginManager:220 - loadIPPluginJar : add resmgrutility
2024-11-06 12:57:43,834 [INFO] IPUIPlugin:80 - create IPUIPlugin
2024-11-06 12:57:43,835 [INFO] PluginManager:220 - loadIPPluginJar : add sai
2024-11-06 12:57:43,839 [INFO] IPUIPlugin:80 - create IPUIPlugin
2024-11-06 12:57:43,839 [INFO] PluginManager:220 - loadIPPluginJar : add spi
2024-11-06 12:57:43,848 [INFO] IPUIPlugin:80 - create IPUIPlugin
2024-11-06 12:57:43,848 [INFO] PluginManager:220 - loadIPPluginJar : add stm32_wpan
2024-11-06 12:57:43,852 [INFO] IPUIPlugin:80 - create IPUIPlugin
2024-11-06 12:57:43,852 [INFO] PluginManager:220 - loadIPPluginJar : add tim
2024-11-06 12:57:43,857 [INFO] IPUIPlugin:80 - create IPUIPlugin
2024-11-06 12:57:43,857 [INFO] PluginManager:220 - loadIPPluginJar : add touchsensing
2024-11-06 12:57:43,861 [INFO] IPUIPlugin:80 - create IPUIPlugin
2024-11-06 12:57:43,861 [INFO] PluginManager:220 - loadIPPluginJar : add tracer_emb
2024-11-06 12:57:43,865 [INFO] IPUIPlugin:80 - create IPUIPlugin
2024-11-06 12:57:43,866 [INFO] PluginManager:220 - loadIPPluginJar : add ts
2024-11-06 12:57:43,869 [INFO] IPUIPlugin:80 - create IPUIPlugin
2024-11-06 12:57:43,870 [INFO] PluginManager:220 - loadIPPluginJar : add tsc
2024-11-06 12:57:43,875 [INFO] IPUIPlugin:80 - create IPUIPlugin
2024-11-06 12:57:43,875 [INFO] PluginManager:220 - loadIPPluginJar : add ucpd
2024-11-06 12:57:43,880 [INFO] IPUIPlugin:80 - create IPUIPlugin
2024-11-06 12:57:43,881 [INFO] PluginManager:220 - loadIPPluginJar : add usart
2024-11-06 12:57:43,885 [INFO] IPUIPlugin:80 - create IPUIPlugin
2024-11-06 12:57:43,886 [INFO] PluginManager:220 - loadIPPluginJar : add usbx
2024-11-06 12:57:44,067 [INFO] CADModel:165 - CPN selected for project level
2024-11-06 12:57:44,067 [INFO] CADModel:114 - Register for checkConnection events
2024-11-06 12:57:44,068 [FATAL] Updater:334 - Updater called before beeing initialized
2024-11-06 12:57:44,068 [ERROR] CADModel:125 - Updater not yet initialized, retry later 
2024-11-06 12:57:44,284 [INFO] CADModel:165 - CPN selected for project level
2024-11-06 12:57:44,284 [INFO] CADModel:114 - Register for checkConnection events
2024-11-06 12:57:44,285 [FATAL] Updater:334 - Updater called before beeing initialized
2024-11-06 12:57:44,285 [ERROR] CADModel:125 - Updater not yet initialized, retry later 
2024-11-06 12:57:44,290 [FATAL] Updater:334 - Updater called before beeing initialized
2024-11-06 12:57:44,456 [FATAL] Updater:334 - Updater called before beeing initialized
2024-11-06 12:57:44,462 [INFO] DbMcusAds:53 - JSON generation date=Fri Sep 20 21:04:38 CST 2024 (1726837478367)
2024-11-06 12:57:44,462 [FATAL] Updater:334 - Updater called before beeing initialized
2024-11-06 12:57:44,518 [WARN] DetailPanel:346 - Failed to get advertising image, set to default
2024-11-06 12:57:44,669 [FATAL] Updater:334 - Updater called before beeing initialized
2024-11-06 12:57:44,671 [FATAL] Updater:334 - Updater called before beeing initialized
2024-11-06 12:57:44,671 [FATAL] Updater:334 - Updater called before beeing initialized
2024-11-06 12:57:44,672 [WARN] DetailPanel:346 - Failed to get advertising image, set to default
2024-11-06 12:57:44,673 [FATAL] Updater:334 - Updater called before beeing initialized
2024-11-06 12:57:44,744 [ERROR] Updater:1164 - MainUpdater not yet initialized. External WinMGr cannot be set.
2024-11-06 12:57:44,746 [INFO] Updater:1100 - Updater Version found : 6.12.1
2024-11-06 12:57:44,769 [INFO] ApplicationProperties:184 - Using Application install path: D:\PiYuanZhouLv\ST\STM32CubeIDE_1.15.1\STM32CubeIDE\plugins\com.st.stm32cube.common.mx_6.12.1.202409122256
2024-11-06 12:57:45,713 [INFO] ThirdPartyUpdaterWithRetryManager:70 - Updater plugin not ready yet. [2/15]
2024-11-06 12:57:46,346 [ERROR] LogOutputStream:75 - [STDERR_REDIRECT] Nov 06, 2024 12:57:46 PM java.util.prefs.WindowsPreferences <init>
2024-11-06 12:57:46,349 [ERROR] LogOutputStream:75 - [STDERR_REDIRECT] WARNING: Could not open/create prefs root node Software\JavaSoft\Prefs at root 0xffffffff80000002. Windows RegCreateKeyEx(...) returned error code 5.
2024-11-06 12:57:46,349 [ERROR] LogOutputStream:75 - [STDERR_REDIRECT] 
2024-11-06 12:57:47,098 [INFO] MainUpdater:2873 - connection check result : 10
2024-11-06 12:57:47,099 [INFO] MainUpdater:290 - Updater Check For Update Now.
2024-11-06 12:57:47,100 [INFO] MicroXplorer:498 - Change Database Version : DB.6.0.121
2024-11-06 12:57:47,111 [INFO] McuFinderGlobals:63 - Set McuFinder mode to 2 (CubeIDE integrated)
2024-11-06 12:57:47,113 [INFO] UserAuth:417 - Internet connection configuration mode: 1
2024-11-06 12:57:47,146 [INFO] JxBrowserEngine:152 - Initiate JxBrowser Engine with user profile folder
2024-11-06 12:57:47,344 [INFO] CheckServerUpdateThread:120 - End of CheckServer Thread
2024-11-06 12:57:48,545 [INFO] WebApp:167 - Instantiating new browser for Auth
2024-11-06 12:57:49,667 [WARN] PackLoader:240 - Cannot read IP mode file for STMicroelectronics.FP-SNS-MOTENVWB1.1.4.0
2024-11-06 12:57:49,689 [WARN] PackLoader:240 - Cannot read IP mode file for STMicroelectronics.X-CUBE-SMBUS.2.1.0
2024-11-06 12:57:49,707 [WARN] PackLoader:240 - Cannot read IP mode file for STMicroelectronics.X-CUBE-WB05N.1.1.0
2024-11-06 12:57:49,718 [WARN] PackLoader:240 - Cannot read IP mode file for STMicroelectronics.X-CUBE-TOUCHGFX.4.23.2
2024-11-06 12:57:49,783 [WARN] PackLoader:240 - Cannot read IP mode file for STMicroelectronics.X-CUBE-AZRTOS-F7.1.1.0
2024-11-06 12:57:50,014 [WARN] PackLoader:240 - Cannot read IP mode file for STMicroelectronics.X-CUBE-MEMS1.11.0.0
2024-11-06 12:57:50,327 [INFO] WebApp:448 - Apply proxy settings
2024-11-06 12:57:50,328 [INFO] WebApp:533 - Chromium requires no authentication
2024-11-06 12:57:50,347 [INFO] WebApp:476 - Direct internet connection detected
2024-11-06 12:57:50,390 [WARN] PackLoader:240 - Cannot read IP mode file for STMicroelectronics.FP-SNS-FLIGHT1.5.0.2
2024-11-06 12:57:50,405 [INFO] WebApp:869 - Register for checkConnection events
2024-11-06 12:57:50,405 [INFO] WebApp:448 - Apply proxy settings
2024-11-06 12:57:50,405 [INFO] WebApp:533 - Chromium requires no authentication
2024-11-06 12:57:50,406 [WARN] PackLoader:240 - Cannot read IP mode file for STMicroelectronics.X-CUBE-DISPLAY.3.0.0
2024-11-06 12:57:50,406 [INFO] WebApp:476 - Direct internet connection detected
2024-11-06 12:57:50,429 [WARN] PackLoader:240 - Cannot read IP mode file for STMicroelectronics.X-CUBE-BLE1.7.0.0
2024-11-06 12:57:50,443 [WARN] PackLoader:240 - Cannot read IP mode file for STMicroelectronics.X-CUBE-NFC10.1.0.0
2024-11-06 12:57:50,463 [WARN] PackLoader:240 - Cannot read IP mode file for emotas.I-CUBE-CANOPEN.1.3.0
2024-11-06 12:57:50,480 [WARN] PackLoader:240 - Cannot read IP mode file for STMicroelectronics.X-CUBE-BLEMGR.3.1.0
2024-11-06 12:57:50,495 [WARN] PackLoader:240 - Cannot read IP mode file for STMicroelectronics.FP-SNS-SMARTAG2.1.2.0
2024-11-06 12:57:50,514 [INFO] LogOutputStream:77 - [STDOUT_REDIRECT] 1 : Invalid condition id : UX_CORESTACK_Condition cause : null
2024-11-06 12:57:50,515 [INFO] LogOutputStream:77 - [STDOUT_REDIRECT] 1 : Invalid condition id : UX_CORESTACK_Condition cause : null
2024-11-06 12:57:50,518 [INFO] LogOutputStream:77 - [STDOUT_REDIRECT] 1 : Invalid condition id : UX_CORESTACK_Condition cause : null
2024-11-06 12:57:50,520 [INFO] LogOutputStream:77 - [STDOUT_REDIRECT] 1 : Invalid condition id : UX_CORESTACK_Condition cause : null
2024-11-06 12:57:50,521 [INFO] LogOutputStream:77 - [STDOUT_REDIRECT] 1 : Invalid condition id : UX_CORESTACK_Condition cause : null
2024-11-06 12:57:50,527 [WARN] PackLoader:240 - Cannot read IP mode file for STMicroelectronics.X-CUBE-AZRTOS-WL.2.0.0
2024-11-06 12:57:50,540 [WARN] PackLoader:240 - Cannot read IP mode file for STMicroelectronics.FP-SNS-MOTENV1.5.0.0
2024-11-06 12:57:50,554 [WARN] PackLoader:240 - Cannot read IP mode file for wolfSSL.I-CUBE-wolfMQTT.1.19.0
2024-11-06 12:57:50,565 [WARN] PackLoader:240 - Cannot read IP mode file for STMicroelectronics.X-CUBE-BLE2.3.3.0
2024-11-06 12:57:50,583 [WARN] PackLoader:240 - Cannot read IP mode file for STMicroelectronics.X-CUBE-NFC9.1.0.0
2024-11-06 12:57:50,602 [WARN] PackLoader:240 - Cannot read IP mode file for STMicroelectronics.X-CUBE-TCPP.4.1.0
2024-11-06 12:57:50,632 [WARN] PackLoader:240 - Cannot read IP mode file for STMicroelectronics.X-CUBE-AZRTOS-G0.1.1.0
2024-11-06 12:57:50,649 [WARN] PackLoader:240 - Cannot read IP mode file for STMicroelectronics.X-CUBE-SAFEA1.1.2.2
2024-11-06 12:57:50,661 [WARN] PackLoader:240 - Cannot read IP mode file for STMicroelectronics.X-CUBE-NFC4.3.0.0
2024-11-06 12:57:50,679 [WARN] PackLoader:240 - Cannot read IP mode file for EmbeddedOffice.I-CUBE-FS-RTOS.1.0.1
2024-11-06 12:57:50,680 [ERROR] ConditionMgr:805 - Attr not supported : Dmpu
2024-11-06 12:57:50,680 [ERROR] ConditionMgr:805 - Attr not supported : Dmpu
2024-11-06 12:57:50,680 [ERROR] ConditionMgr:805 - Attr not supported : Dmpu
2024-11-06 12:57:50,681 [ERROR] ConditionMgr:805 - Attr not supported : Dmpu
2024-11-06 12:57:50,681 [ERROR] ConditionMgr:805 - Attr not supported : Dmpu
2024-11-06 12:57:50,681 [ERROR] ConditionMgr:805 - Attr not supported : Dmpu
2024-11-06 12:57:50,681 [ERROR] ConditionMgr:805 - Attr not supported : Dmpu
2024-11-06 12:57:50,681 [ERROR] ConditionMgr:805 - Attr not supported : Dmpu
2024-11-06 12:57:50,682 [ERROR] ConditionMgr:805 - Attr not supported : Dmpu
2024-11-06 12:57:50,682 [ERROR] ConditionMgr:805 - Attr not supported : Dmpu
2024-11-06 12:57:50,682 [ERROR] ConditionMgr:805 - Attr not supported : Dmpu
2024-11-06 12:57:50,682 [ERROR] ConditionMgr:805 - Attr not supported : Dmpu
2024-11-06 12:57:50,682 [ERROR] ConditionMgr:805 - Attr not supported : Dmpu
2024-11-06 12:57:50,683 [ERROR] ConditionMgr:805 - Attr not supported : Dmpu
2024-11-06 12:57:50,683 [ERROR] ConditionMgr:805 - Attr not supported : Dmpu
2024-11-06 12:57:50,683 [ERROR] ConditionMgr:805 - Attr not supported : Dmpu
2024-11-06 12:57:50,683 [ERROR] ConditionMgr:805 - Attr not supported : Dmpu
2024-11-06 12:57:50,683 [ERROR] ConditionMgr:805 - Attr not supported : Dmpu
2024-11-06 12:57:50,683 [ERROR] ConditionMgr:805 - Attr not supported : Dmpu
2024-11-06 12:57:50,684 [ERROR] ConditionMgr:805 - Attr not supported : Dmpu
2024-11-06 12:57:50,684 [ERROR] ConditionMgr:805 - Attr not supported : Dmpu
2024-11-06 12:57:50,684 [ERROR] ConditionMgr:805 - Attr not supported : Dmpu
2024-11-06 12:57:50,684 [ERROR] ConditionMgr:805 - Attr not supported : Dmpu
2024-11-06 12:57:50,684 [ERROR] ConditionMgr:805 - Attr not supported : Dmpu
2024-11-06 12:57:50,685 [ERROR] ConditionMgr:805 - Attr not supported : Dmpu
2024-11-06 12:57:50,685 [ERROR] ConditionMgr:805 - Attr not supported : Dmpu
2024-11-06 12:57:50,685 [ERROR] ConditionMgr:805 - Attr not supported : Dmpu
2024-11-06 12:57:50,685 [ERROR] ConditionMgr:805 - Attr not supported : Dmpu
2024-11-06 12:57:50,685 [ERROR] ConditionMgr:805 - Attr not supported : Dmpu
2024-11-06 12:57:50,686 [ERROR] ConditionMgr:805 - Attr not supported : Dmpu
2024-11-06 12:57:50,686 [ERROR] ConditionMgr:805 - Attr not supported : Dmpu
2024-11-06 12:57:50,686 [ERROR] ConditionMgr:805 - Attr not supported : Dmpu
2024-11-06 12:57:50,686 [ERROR] ConditionMgr:805 - Attr not supported : Dmpu
2024-11-06 12:57:50,686 [ERROR] ConditionMgr:805 - Attr not supported : Dmpu
2024-11-06 12:57:50,686 [ERROR] ConditionMgr:805 - Attr not supported : Dmpu
2024-11-06 12:57:50,686 [ERROR] ConditionMgr:805 - Attr not supported : Dmpu
2024-11-06 12:57:50,687 [ERROR] ConditionMgr:805 - Attr not supported : Dmpu
2024-11-06 12:57:50,687 [ERROR] ConditionMgr:805 - Attr not supported : Dmpu
2024-11-06 12:57:50,687 [ERROR] ConditionMgr:805 - Attr not supported : Dmpu
2024-11-06 12:57:50,687 [ERROR] ConditionMgr:805 - Attr not supported : Dmpu
2024-11-06 12:57:50,687 [ERROR] ConditionMgr:805 - Attr not supported : Dmpu
2024-11-06 12:57:50,688 [ERROR] ConditionMgr:805 - Attr not supported : Dmpu
2024-11-06 12:57:50,688 [ERROR] ConditionMgr:805 - Attr not supported : Dmpu
2024-11-06 12:57:50,688 [ERROR] ConditionMgr:805 - Attr not supported : Dmpu
2024-11-06 12:57:50,688 [ERROR] ConditionMgr:805 - Attr not supported : Dmpu
2024-11-06 12:57:50,688 [ERROR] ConditionMgr:805 - Attr not supported : Dmpu
2024-11-06 12:57:50,689 [ERROR] ConditionMgr:805 - Attr not supported : Dmpu
2024-11-06 12:57:50,689 [ERROR] ConditionMgr:805 - Attr not supported : Dmpu
2024-11-06 12:57:50,689 [ERROR] ConditionMgr:805 - Attr not supported : Dmpu
2024-11-06 12:57:50,689 [ERROR] ConditionMgr:805 - Attr not supported : Dmpu
2024-11-06 12:57:50,689 [ERROR] ConditionMgr:805 - Attr not supported : Dmpu
2024-11-06 12:57:50,689 [ERROR] ConditionMgr:805 - Attr not supported : Dmpu
2024-11-06 12:57:50,689 [ERROR] ConditionMgr:805 - Attr not supported : Dmpu
2024-11-06 12:57:50,690 [ERROR] ConditionMgr:805 - Attr not supported : Dmpu
2024-11-06 12:57:50,690 [ERROR] ConditionMgr:805 - Attr not supported : Dmpu
2024-11-06 12:57:50,690 [ERROR] ConditionMgr:805 - Attr not supported : Dmpu
2024-11-06 12:57:50,690 [ERROR] ConditionMgr:805 - Attr not supported : Dmpu
2024-11-06 12:57:50,690 [ERROR] ConditionMgr:805 - Attr not supported : Dmpu
2024-11-06 12:57:50,690 [ERROR] ConditionMgr:805 - Attr not supported : Dmpu
2024-11-06 12:57:50,691 [ERROR] ConditionMgr:805 - Attr not supported : Dmpu
2024-11-06 12:57:50,691 [ERROR] ConditionMgr:805 - Attr not supported : Dmpu
2024-11-06 12:57:50,691 [ERROR] ConditionMgr:805 - Attr not supported : Dmpu
2024-11-06 12:57:50,692 [ERROR] ConditionMgr:805 - Attr not supported : Dmpu
2024-11-06 12:57:50,692 [ERROR] ConditionMgr:805 - Attr not supported : Dmpu
2024-11-06 12:57:50,707 [WARN] PackLoader:240 - Cannot read IP mode file for RealThread.X-CUBE-RT-Thread_Nano.4.1.1
2024-11-06 12:57:50,718 [WARN] PackLoader:240 - Cannot read IP mode file for wolfSSL.I-CUBE-wolfSSL.5.7.0
2024-11-06 12:57:50,727 [WARN] PackLoader:240 - Cannot read IP mode file for STMicroelectronics.FP-ATR-SIGFOX1.3.2.0
2024-11-06 12:57:50,742 [WARN] PackLoader:240 - Cannot read IP mode file for STMicroelectronics.X-CUBE-EEPRMA1.5.1.0
2024-11-06 12:57:50,756 [WARN] PackLoader:240 - Cannot read IP mode file for ITTIA_DB.I-CUBE-ITTIADB.8.9.0
2024-11-06 12:57:50,807 [INFO] WebApp:220 - Starting web application
2024-11-06 12:57:50,808 [INFO] WebApp:578 - Web application path used D:\PiYuanZhouLv\ST\STM32CubeIDE_1.15.1\STM32CubeIDE\plugins\com.st.stm32cube.common.mx_6.12.1.202409122256\db\plugins\mcufinder\reactClient1\index.html
2024-11-06 12:57:50,831 [WARN] PackLoader:240 - Cannot read IP mode file for SEGGER.I-CUBE-embOS.1.3.1
2024-11-06 12:57:50,924 [WARN] PackLoader:240 - Cannot read IP mode file for STMicroelectronics.X-CUBE-ALGOBUILD.1.4.0
2024-11-06 12:57:50,934 [WARN] PackLoader:240 - Cannot read IP mode file for STMicroelectronics.X-CUBE-AI.9.1.0
2024-11-06 12:57:50,947 [WARN] PackLoader:240 - Cannot read IP mode file for STMicroelectronics.X-CUBE-GNSS1.6.0.0
2024-11-06 12:57:50,976 [WARN] PackLoader:240 - Cannot read IP mode file for STMicroelectronics.X-CUBE-AZRTOS-F4.1.1.0
2024-11-06 12:57:50,988 [WARN] PackLoader:240 - Cannot read IP mode file for STMicroelectronics.X-CUBE-ISPU.2.1.0
2024-11-06 12:57:51,005 [WARN] PackLoader:240 - Cannot read IP mode file for STMicroelectronics.X-CUBE-FREERTOS.1.2.0
2024-11-06 12:57:51,012 [INFO] UserAuth:417 - Internet connection configuration mode: 1
2024-11-06 12:57:51,041 [WARN] PackLoader:240 - Cannot read IP mode file for STMicroelectronics.X-CUBE-AZRTOS-L5.2.0.0
2024-11-06 12:57:51,063 [WARN] PackLoader:240 - Cannot read IP mode file for STMicroelectronics.X-CUBE-NFC6.3.1.0
2024-11-06 12:57:51,080 [WARN] PackLoader:240 - Cannot read IP mode file for STMicroelectronics.X-CUBE-DPower.1.2.0
2024-11-06 12:57:51,090 [WARN] PackLoader:240 - Cannot read IP mode file for STMicroelectronics.X-CUBE-AI.9.0.0
2024-11-06 12:57:51,100 [WARN] PackLoader:240 - Cannot read IP mode file for STMicroelectronics.X-CUBE-NFC7.1.0.1
2024-11-06 12:57:51,125 [WARN] ConditionMgr:438 - getConditionDescription Invalid condition id : LAN8742 Phy interface Condition cause : null
2024-11-06 12:57:51,126 [WARN] PackLoader:240 - Cannot read IP mode file for STMicroelectronics.X-CUBE-AZRTOS-L4.2.0.0
2024-11-06 12:57:51,128 [WARN] ConditionMgr:1039 - genDependencies : Invalid condition id : LAN8742 Phy interface Condition cause : null
2024-11-06 12:57:51,128 [WARN] ConditionMgr:1039 - genDependencies : Invalid condition id : LAN8742 Phy interface Condition cause : null
2024-11-06 12:57:51,129 [WARN] ConditionMgr:1039 - genDependencies : Invalid condition id : LAN8742 Phy interface Condition cause : null
2024-11-06 12:57:51,140 [WARN] PackLoader:240 - Cannot read IP mode file for STMicroelectronics.X-CUBE-SFXS2LP1.4.0.0
2024-11-06 12:57:51,166 [WARN] PackLoader:240 - Cannot read IP mode file for STMicroelectronics.X-CUBE-AZRTOS-H7.3.3.0
2024-11-06 12:57:51,185 [WARN] PackLoader:240 - Cannot read IP mode file for STMicroelectronics.X-CUBE-IPS.3.0.0
2024-11-06 12:57:51,211 [WARN] ConditionMgr:438 - getConditionDescription Invalid condition id : UX DEVICE CLASS RTOS Condition cause : null
2024-11-06 12:57:51,212 [WARN] ConditionMgr:438 - getConditionDescription Invalid condition id : UX DEVICE CLASS RTOS Condition cause : null
2024-11-06 12:57:51,215 [WARN] PackLoader:240 - Cannot read IP mode file for STMicroelectronics.X-CUBE-AZRTOS-WB.2.0.0
2024-11-06 12:57:51,216 [WARN] ConditionMgr:1039 - genDependencies : Invalid condition id : UX DEVICE CLASS RTOS Condition cause : null
2024-11-06 12:57:51,216 [WARN] ConditionMgr:1039 - genDependencies : Invalid condition id : UX DEVICE CLASS RTOS Condition cause : null
2024-11-06 12:57:51,217 [WARN] ConditionMgr:1039 - genDependencies : Invalid condition id : UX DEVICE CLASS RTOS Condition cause : null
2024-11-06 12:57:51,218 [WARN] ConditionMgr:1039 - genDependencies : Invalid condition id : UX DEVICE CLASS RTOS Condition cause : null
2024-11-06 12:57:51,218 [WARN] ConditionMgr:1039 - genDependencies : Invalid condition id : UX DEVICE CLASS RTOS Condition cause : null
2024-11-06 12:57:51,228 [WARN] PackLoader:240 - Cannot read IP mode file for STMicroelectronics.X-CUBE-GNSS1.7.0.0
2024-11-06 12:57:51,240 [WARN] PackLoader:240 - Cannot read IP mode file for STMicroelectronics.FP-SNS-STBOX1.2.0.0
2024-11-06 12:57:51,257 [WARN] PackLoader:240 - Cannot read IP mode file for STMicroelectronics.X-CUBE-SUBG2.5.0.0
2024-11-06 12:57:51,270 [WARN] PackLoader:240 - Cannot read IP mode file for Cesanta.I-CUBE-Mongoose.7.13.0
2024-11-06 12:57:51,290 [WARN] PackLoader:240 - Cannot read IP mode file for STMicroelectronics.X-CUBE-AZRTOS-G4.2.0.0
2024-11-06 12:57:51,298 [WARN] PackLoader:240 - Cannot read IP mode file for STMicroelectronics.X-CUBE-ISPU.2.0.0
2024-11-06 12:57:51,311 [WARN] PackLoader:240 - Cannot read IP mode file for STMicroelectronics.X-CUBE-ALS.1.0.2
2024-11-06 12:57:51,362 [WARN] PackLoader:240 - Cannot read IP mode file for STMicroelectronics.X-CUBE-MEMS1.10.0.0
2024-11-06 12:57:51,530 [WARN] PackLoader:240 - Cannot read IP mode file for STMicroelectronics.X-CUBE-TOUCHGFX.4.24.1
2024-11-06 12:57:51,539 [WARN] PackLoader:240 - Cannot read IP mode file for wolfSSL.I-CUBE-wolfTPM.3.4.0
2024-11-06 12:57:51,550 [WARN] PackLoader:240 - Cannot read IP mode file for portGmbH.I-Cube-SoM-uGOAL.1.1.0
2024-11-06 12:57:51,557 [WARN] PackLoader:240 - Cannot read IP mode file for STMicroelectronics.X-CUBE-ALS.1.0.1
2024-11-06 12:57:51,585 [WARN] PackLoader:240 - Cannot read IP mode file for STMicroelectronics.X-CUBE-AZRTOS-H7RS.1.0.0
2024-11-06 12:57:51,600 [WARN] PackLoader:240 - Cannot read IP mode file for STMicroelectronics.FP-ATR-ASTRA1.2.0.0
2024-11-06 12:57:51,618 [WARN] PackLoader:240 - Cannot read IP mode file for STMicroelectronics.X-CUBE-TOF1.3.4.2
2024-11-06 12:57:51,644 [WARN] PackLoader:240 - Cannot read IP mode file for STMicroelectronics.X-CUBE-TOF1.3.4.1
2024-11-06 12:57:51,679 [WARN] PackLoader:240 - Cannot read IP mode file for STMicroelectronics.X-CUBE-AZRTOS-H7.3.2.0
2024-11-06 12:57:51,702 [WARN] PackLoader:240 - Cannot read IP mode file for Infineon.AIROC-Wi-Fi-Bluetooth-STM32.1.6.0
2024-11-06 12:57:51,714 [WARN] PackLoader:240 - Cannot read IP mode file for wolfSSL.I-CUBE-wolfSSH.1.4.17
2024-11-06 12:57:51,715 [INFO] ThirdParty:978 - Integrity check success = true
2024-11-06 12:57:51,715 [INFO] IntegrityCheckThread:100 - exiting critical section [integrity check]
2024-11-06 12:57:51,715 [INFO] IntegrityCheckThread:103 - End integrity checks thread
2024-11-06 15:41:57,191 [INFO] McuFinderGlobals:63 - Set McuFinder mode to 2 (CubeIDE integrated)
2024-11-06 15:41:57,205 [INFO] MainUpdater:2873 - connection check result : 10
2024-11-06 15:41:57,206 [INFO] MainUpdater:2873 - connection check result : 10
2024-11-06 15:41:57,360 [INFO] RulesReader:64 - Compatibility file has been processed (297 Rules)
2024-11-06 15:41:57,388 [INFO] RulesReader:64 - Compatibility file has been processed (297 Rules)
2024-11-06 15:41:57,401 [INFO] MicroXplorer:468 - Change Database Path : 
2024-11-06 15:41:57,402 [INFO] MicroXplorer:498 - Change Database Version : DB.6.0.121
2024-11-06 15:41:57,416 [WARN] ThirdParty:871 - waiting for thirdparty lock release [close project]
2024-11-06 15:41:57,417 [INFO] ThirdParty:873 - entering critical section [close project]
2024-11-06 15:41:57,420 [INFO] ThirdParty:883 - exiting critical section [close project]
2024-11-06 15:41:57,430 [INFO] PinOutPanel:1561 - setPackage(No Configuration,No Configuration)
2024-11-06 15:41:57,448 [INFO] UtilMem:75 - Begin LoadConfig() Used Memory: 229243792 Bytes (447741952)
2024-11-06 15:41:57,456 [INFO] MicroXplorer:468 - Change Database Path : 
2024-11-06 15:41:57,457 [INFO] MicroXplorer:498 - Change Database Version : DB.6.0.121
2024-11-06 15:41:57,458 [INFO] OpenFileManager:332 - Change cursor
2024-11-06 15:41:57,577 [INFO] Mcu:2032 - Initializing MCU STM32F103C(8-B)Tx STM32F103C8Tx STM32F103C8T6
2024-11-06 15:41:59,613 [INFO] Context:742 - Trying to add GPIOservice into a context  which must be forbidden
2024-11-06 15:42:00,302 [INFO] RtosManager:555 - Registered RTOS mode: class=CMSIS, group=RTOS, mode=CMSIS_V1, owner=FREERTOS
2024-11-06 15:42:00,302 [INFO] RtosManager:555 - Registered RTOS mode: class=CMSIS, group=RTOS2, mode=CMSIS_V2, owner=FREERTOS
2024-11-06 15:42:00,303 [INFO] RtosManager:555 - Registered RTOS mode: class=RTOS, group=Core, mode=CMSIS_V1, owner=FREERTOS
2024-11-06 15:42:00,303 [INFO] RtosManager:555 - Registered RTOS mode: class=RTOS, group=Core, mode=CMSIS_V2, owner=FREERTOS
2024-11-06 15:42:00,304 [WARN] ModelIntegratedComponent:184 - Missing modes for component STMicroelectronics:FreeRTOS:0.0.1:STMicroelectronics:RTOS:FreeRTOS:Core:::10.2.0:
2024-11-06 15:42:00,329 [WARN] ModelIntegratedComponent:63 - No mode defined for component null
2024-11-06 15:42:00,330 [WARN] ModelIntegratedComponent:63 - No mode defined for component null
2024-11-06 15:42:00,330 [WARN] ModelIntegratedComponent:63 - No mode defined for component null
2024-11-06 15:42:00,330 [WARN] ModelIntegratedComponent:63 - No mode defined for component null
2024-11-06 15:42:00,330 [WARN] ModelIntegratedComponent:63 - No mode defined for component null
2024-11-06 15:42:00,330 [WARN] ModelIntegratedComponent:63 - No mode defined for component null
2024-11-06 15:42:00,331 [WARN] ModelIntegratedComponent:63 - No mode defined for component null
2024-11-06 15:42:00,331 [WARN] ModelIntegratedComponent:63 - No mode defined for component null
2024-11-06 15:42:00,331 [WARN] ModelIntegratedComponent:63 - No mode defined for component null
2024-11-06 15:42:00,331 [WARN] ModelIntegratedComponent:63 - No mode defined for component null
2024-11-06 15:42:00,331 [WARN] ModelIntegratedComponent:63 - No mode defined for component null
2024-11-06 15:42:00,331 [WARN] ModelIntegratedComponent:63 - No mode defined for component null
2024-11-06 15:42:00,331 [WARN] ModelIntegratedComponent:63 - No mode defined for component null
2024-11-06 15:42:00,331 [WARN] ModelIntegratedComponent:63 - No mode defined for component null
2024-11-06 15:42:00,331 [WARN] ModelIntegratedComponent:63 - No mode defined for component null
2024-11-06 15:42:00,332 [WARN] ModelIntegratedComponent:63 - No mode defined for component null
2024-11-06 15:42:00,332 [WARN] ModelIntegratedComponent:63 - No mode defined for component null
2024-11-06 15:42:00,332 [WARN] ModelIntegratedComponent:63 - No mode defined for component null
2024-11-06 15:42:00,332 [WARN] ModelIntegratedComponent:63 - No mode defined for component null
2024-11-06 15:42:00,332 [WARN] ModelIntegratedComponent:63 - No mode defined for component null
2024-11-06 15:42:00,333 [WARN] ModelIntegratedComponent:63 - No mode defined for component null
2024-11-06 15:42:00,333 [WARN] ModelIntegratedComponent:63 - No mode defined for component null
2024-11-06 15:42:00,333 [WARN] ModelIntegratedComponent:63 - No mode defined for component null
2024-11-06 15:42:00,334 [WARN] ModelIntegratedComponent:63 - No mode defined for component null
2024-11-06 15:42:00,334 [WARN] ModelIntegratedComponent:63 - No mode defined for component null
2024-11-06 15:42:00,334 [WARN] ModelIntegratedComponent:63 - No mode defined for component null
2024-11-06 15:42:00,334 [WARN] ModelIntegratedComponent:63 - No mode defined for component null
2024-11-06 15:42:00,334 [WARN] ModelIntegratedComponent:63 - No mode defined for component null
2024-11-06 15:42:00,335 [WARN] ModelIntegratedComponent:63 - No mode defined for component null
2024-11-06 15:42:00,335 [WARN] ModelIntegratedComponent:63 - No mode defined for component null
2024-11-06 15:42:00,335 [WARN] ModelIntegratedComponent:63 - No mode defined for component null
2024-11-06 15:42:00,335 [WARN] ModelIntegratedComponent:63 - No mode defined for component null
2024-11-06 15:42:00,335 [WARN] ModelIntegratedComponent:63 - No mode defined for component null
2024-11-06 15:42:00,335 [WARN] ModelIntegratedComponent:63 - No mode defined for component null
2024-11-06 15:42:00,335 [WARN] ModelIntegratedComponent:63 - No mode defined for component null
2024-11-06 15:42:00,336 [WARN] ModelPack:524 - Component already loaded: STMicroelectronics:HAL Drivers:0.0.0:STMicroelectronics:Device:STMicro_Driver:XSPI:HAL::0.0.1:HAL_XSPI
2024-11-06 15:42:00,496 [INFO] ThirdPartyModel:298 - Start build external matchings
2024-11-06 15:42:01,445 [INFO] ThirdPartyModel:316 - End build external matchings
2024-11-06 15:42:02,021 [INFO] ApiDb:581 - Connected to CubeFinder SQLite database (C:\Users\LENOVO\.stmcufinder\plugins\mcufinder\mcu\cube-finder-db.db)
2024-11-06 15:42:02,138 [INFO] ApiDb:668 - CubeFinder database Data Model version=2.1
2024-11-06 15:42:02,138 [INFO] ApiDb:669 - CubeFinder database Configuration version=3.0.39
2024-11-06 15:42:02,141 [INFO] ApiDb:670 - CubeFinder database generation date=2024-10-15 (1729006872)
2024-11-06 15:42:02,142 [INFO] ApiDb:671 - CubeFinder database FW Pack versions=[FP-ATR-ASTRA1_V2.0.0, FP-SNS-FLIGHT1_V5.0.2, FP-SNS-MOTENV1_V5.0.0, FP-SNS-MOTENVWB1_V1.4.0, FP-SNS-SMARTAG2_V1.2.0, FP-SNS-STBOX1_V2.0.0, STM32Cube_FW_C0_V1.2.0, STM32Cube_FW_F4_V1.28.1, STM32Cube_FW_F7_V1.17.2, STM32Cube_FW_G0_V1.6.2, STM32Cube_FW_G4_V1.6.0, STM32Cube_FW_H5_V1.3.0, STM32Cube_FW_H7RS_V1.1.0, STM32Cube_FW_H7_V1.11.2, STM32Cube_FW_L0_V1.12.2, STM32Cube_FW_L5_V1.5.1, STM32Cube_FW_U0_V1.1.0, STM32Cube_FW_U5_V1.6.0, STM32Cube_FW_WB0_V1.0.0, STM32Cube_FW_WBA_V1.4.1, STM32Cube_FW_WB_V1.20.0, STM32Cube_FW_WL_V1.3.0, X-CUBE-ALGOBUILD_V1.4.0, X-CUBE-ALS_V1.0.2, X-CUBE-AZRTOS-F4_V1.1.0, X-CUBE-AZRTOS-F7_V1.1.0, X-CUBE-AZRTOS-G0_V1.1.0, X-CUBE-AZRTOS-G4_V2.0.0, X-CUBE-AZRTOS-H7RS_V1.0.0, X-CUBE-AZRTOS-H7_V3.3.0, X-CUBE-AZRTOS-L4_V2.0.0, X-CUBE-AZRTOS-L5_V2.0.0, X-CUBE-AZRTOS-WB_V2.0.0, X-CUBE-AZRTOS-WL_V2.0.0, X-CUBE-BLE1_V7.0.0, X-CUBE-BLE2_V3.3.0, X-CUBE-BLEMGR_V3.1.0, X-CUBE-EEPRMA1_V5.1.0, X-CUBE-FREERTOS_V1.2.0, X-CUBE-GNSS1_V6.0.0, X-CUBE-MEMS1_V11.0.0, X-CUBE-NFC4_V3.0.0, X-CUBE-NFC7_V1.0.1, X-CUBE-SFXS2LP1_V4.0.0, X-CUBE-SUBG2_V5.0.0, X-CUBE-TOF1_V3.4.2]
2024-11-06 15:42:02,314 [INFO] DbBoardsSqlite:226 - include board P-NUCLEO-WB55-NUCLEO as a kit item of type 'Nucleo-64'
2024-11-06 15:42:02,315 [INFO] DbBoardsSqlite:226 - include board P-NUCLEO-WB55-USBDONGLE as a kit item of type 'Nucleo USB Dongle'
2024-11-06 15:42:02,317 [INFO] DbBoardsSqlite:226 - include board STEVAL-IDP005V1 as a kit item of type 'Evaluation Board'
2024-11-06 15:42:02,317 [INFO] DbBoardsSqlite:226 - include board STEVAL-IDP005V2 as a kit item of type 'Evaluation Board'
2024-11-06 15:42:02,768 [INFO] ApiDb:240 - Found 646 in-development CPN: [B-G473E-ZEST1S, B-WB1M-WPAN1, B-WL5M-SUBG1, NUCLEO-C031C6, NUCLEO-C071RB, NUCLEO-H503RB, NUCLEO-H533RE, NUCLEO-H563ZI, NUCLEO-H7S3L8, NUCLEO-U031R8, NUCLEO-U083RC, NUCLEO-U545RE-Q, NUCLEO-U5A5ZJ-Q, NUCLEO-WB05KZ, NUCLEO-WB07CC, NUCLEO-WB09KE, NUCLEO-WBA52CG, NUCLEO-WBA55CG, STEVAL-PROTEUS1, STEVAL-SMARTAG2, STEVAL-STWINBX1, STM320518-EVAL, STM32C0116-DK, STM32C011D6Y3TR, STM32C011D6Y6TR, STM32C011F4P3, STM32C011F4P6, STM32C011F4U3, STM32C011F4U6TR, STM32C011F6P3, STM32C011F6P6, STM32C011F6U3, STM32C011F6U6TR, STM32C011J4M3, STM32C011J4M6, STM32C011J6M3, STM32C011J6M6, STM32C0316-DK, STM32C031C4T3, STM32C031C4T6, STM32C031C4U3, STM32C031C4U6, STM32C031C6T3, STM32C031C6T6, STM32C031C6U3, STM32C031C6U6, STM32C031F4P3, STM32C031F4P6, STM32C031F6P3, STM32C031F6P6, STM32C031G4U3, STM32C031G4U6, STM32C031G6U3, STM32C031G6U6, STM32C031K4T3, STM32C031K4T6, STM32C031K4U3, STM32C031K4U6, STM32C031K6T3, STM32C031K6T6, STM32C031K6U3, STM32C031K6U6, STM32C071C8T6, STM32C071C8T6N, STM32C071C8U6, STM32C071C8U6N, STM32C071CBT6, STM32C071CBT6N, STM32C071CBU6, STM32C071CBU6N, STM32C071F8P6, STM32C071F8P6N, STM32C071FBP6, STM32C071FBP6N, STM32C071FBY6TR, STM32C071G8U6, STM32C071G8U6N, STM32C071GBU6, STM32C071GBU6N, STM32C071K8T6, STM32C071K8T6N, STM32C071K8U6, STM32C071K8U6N, STM32C071KBT6, STM32C071KBT6N, STM32C071KBU6, STM32C071KBU6N, STM32C071R8T6, STM32C071R8T6N, STM32C071RBI6N, STM32C071RBT6, STM32C071RBT6N, STM32G071K8TXN, STM32G071K8UXN, STM32G081GBU6N, STM32G081KBT6N, STM32G081KBUXN, STM32G0B1CCT6N, STM32G0B1KCT6, STM32G0B1NEY6TR, STM32G0B1RCT6N, STM32G0C1CCT6, STM32G0C1CCT6N, STM32G0C1CCU6N, STM32G0C1CET6N, STM32G0C1CEU6N, STM32G0C1KCT6, STM32G0C1NEY6TR, STM32G0C1RCI6N, STM32G0C1RCT6N, STM32G0C1REI6N, STM32G0C1RET6N, STM32G0C1VCI6, STM32G0C1VEI6, STM32G411C6T3, STM32G411C6T6, STM32G411C6U3, STM32G411C6U6, STM32G411C8T3, STM32G411C8T6, STM32G411C8U3, STM32G411C8U6, STM32G411CBT3, STM32G411CBT6, STM32G411CBU3, STM32G411CBU6, STM32G411K6T3, STM32G411K6T6, STM32G411K6U3, STM32G411K6U6, STM32G411K8T3, STM32G411K8T6, STM32G411K8U3, STM32G411K8U6, STM32G411KBT3, STM32G411KBT6, STM32G411KBU3, STM32G411KBU6, STM32G411M6T3, STM32G411M6T6, STM32G411M8T3, STM32G411M8T6, STM32G411MBT3, STM32G411MBT6, STM32G411R6T3, STM32G411R6T6, STM32G411R8T3, STM32G411R8T6, STM32G411RBT3, STM32G411RBT6, STM32G414CBT3, STM32G414CBT6, STM32G414CBU3, STM32G414CBU6, STM32G414CCT3, STM32G414CCT6, STM32G414CCU3, STM32G414CCU6, STM32G414MBT3, STM32G414MBT6, STM32G414MCT3, STM32G414MCT6, STM32G414RBT3, STM32G414RBT6, STM32G414RCT3, STM32G414RCT6, STM32G414VBT3, STM32G414VBT6, STM32G414VCT3, STM32G414VCT6, STM32G431CBT3Z, STM32G431RBT3Z, STM32G471CCT6, STM32G471CCU6, STM32G471CET3, STM32G471CET6, STM32G471CEU3, STM32G471CEU6, STM32G471MCT6, STM32G471MET3, STM32G471MET6, STM32G471MEY6TR, STM32G471QCT6, STM32G471QET3, STM32G471RCT6, STM32G471RET3, STM32G471RET6, STM32G471VCH6, STM32G471VCI6, STM32G471VCT6, STM32G471VEH3, STM32G471VEH6, STM32G471VEI3, STM32G471VEI6, STM32G471VET3, STM32G471VET6, STM32G473QET3Z, STM32G473RET3Z, STM32G474CCT6, STM32G491RET3Z, STM32H503CBT6, STM32H503CBU6, STM32H503EBY6TR, STM32H503KBU6, STM32H503RBT6, STM32H523CCT6, STM32H523CCU6, STM32H523CET6, STM32H523CEU6, STM32H523HEY6TR, STM32H523RCT6, STM32H523RET6, STM32H523VCI6, STM32H523VCT6, STM32H523VEI6, STM32H523VET6, STM32H523ZCJ6, STM32H523ZCT6, STM32H523ZEJ6, STM32H523ZET6, STM32H533CET6, STM32H533CEU6, STM32H533HEY6TR, STM32H533RET6, STM32H533VEI6, STM32H533VET6, STM32H533ZEJ6, STM32H533ZET6, STM32H562AGI6, STM32H562AII6, STM32H562IGK6, STM32H562IGT6, STM32H562IIK6, STM32H562IIT6, STM32H562RGT6, STM32H562RGV6, STM32H562RIT6, STM32H562RIV6, STM32H562VGT6, STM32H562VIT6, STM32H562ZGT6, STM32H562ZIT6, STM32H563AGI6, STM32H563AII3Q, STM32H563AII6, STM32H563IGK6, STM32H563IGT6, STM32H563IIK3Q, STM32H563IIK6, STM32H563IIT3Q, STM32H563IIT6, STM32H563MIY3QTR, STM32H563RGT6, STM32H563RGV6, STM32H563RIT6, STM32H563RIV6, STM32H563VGT6, STM32H563VIT3Q, STM32H563VIT6, STM32H563ZGT6, STM32H563ZIT3Q, STM32H563ZIT6, STM32H573AII3Q, STM32H573AII6, STM32H573I-DK, STM32H573IIK3Q, STM32H573IIK6, STM32H573IIT3Q, STM32H573IIT6, STM32H573MIY3QTR, STM32H573RIT6, STM32H573RIV6, STM32H573VIT3Q, STM32H573VIT6, STM32H573ZIT3Q, STM32H573ZIT6, STM32H7R3A8I6, STM32H7R3I8K6, STM32H7R3I8T6, STM32H7R3L8H6, STM32H7R3L8H6H, STM32H7R3R8V6, STM32H7R3V8H6, STM32H7R3V8T6, STM32H7R3V8Y6TR, STM32H7R3Z8J6, STM32H7R3Z8T6, STM32H7R7A8I6, STM32H7R7I8K6, STM32H7R7I8T6, STM32H7R7L8H6, STM32H7R7L8H6H, STM32H7R7Z8J6, STM32H7S3A8I6, STM32H7S3I8K6, STM32H7S3I8T6, STM32H7S3L8H6, STM32H7S3L8H6H, STM32H7S3R8V6, STM32H7S3V8H6, STM32H7S3V8T6, STM32H7S3V8Y6TR, STM32H7S3Z8J6, STM32H7S3Z8T6, STM32H7S78-DK, STM32H7S7A8I6, STM32H7S7I8K6, STM32H7S7I8T6, STM32H7S7L8H6, STM32H7S7L8H6H, STM32H7S7Z8J6, STM32L4R5QGI6STR, STM32MP131AAE3, STM32MP131AAF3, STM32MP131AAG3, STM32MP131CAE3, STM32MP131CAF3, STM32MP131CAG3, STM32MP131DAE7, STM32MP131DAF7, STM32MP131DAG7, STM32MP131FAE7, STM32MP131FAF7, STM32MP131FAG7, STM32MP133AAE3, STM32MP133AAF3, STM32MP133AAG3, STM32MP133CAE3, STM32MP133CAF3, STM32MP133CAG3, STM32MP133DAE7, STM32MP133DAF7, STM32MP133DAG7, STM32MP133FAE7, STM32MP133FAF7, STM32MP133FAG7, STM32MP135AAE3, STM32MP135AAF3, STM32MP135AAG3, STM32MP135CAE3, STM32MP135CAF3, STM32MP135CAG3, STM32MP135DAE7, STM32MP135DAF7, STM32MP135DAG7, STM32MP135F-DK, STM32MP135FAE7, STM32MP135FAF7, STM32MP135FAF7T, STM32MP135FAF7U, STM32MP135FAG7, STM32MP251AAI3, STM32MP251AAK3, STM32MP251AAL3, STM32MP251CAI3, STM32MP251CAK3, STM32MP251CAL3, STM32MP251DAI3, STM32MP251DAK3, STM32MP251DAL3, STM32MP251FAI3, STM32MP251FAK3, STM32MP251FAL3, STM32MP253AAI3, STM32MP253AAK3, STM32MP253AAL3, STM32MP253CAI3, STM32MP253CAK3, STM32MP253CAL3, STM32MP253DAI3, STM32MP253DAK3, STM32MP253DAL3, STM32MP253FAI3, STM32MP253FAK3, STM32MP253FAL3, STM32MP255AAI3, STM32MP255AAK3, STM32MP255AAL3, STM32MP255CAI3, STM32MP255CAK3, STM32MP255CAL3, STM32MP255DAI3, STM32MP255DAK3, STM32MP255DAL3, STM32MP255FAI3, STM32MP255FAK3, STM32MP255FAL3, STM32MP257AAI3, STM32MP257AAK3, STM32MP257AAL3, STM32MP257CAI3, STM32MP257CAK3, STM32MP257CAL3, STM32MP257DAI3, STM32MP257DAK3, STM32MP257DAL3, STM32MP257F-DK, STM32MP257F-EV1, STM32MP257FAI3, STM32MP257FAK3, STM32MP257FAL3, STM32U031C6T6, STM32U031C6U6, STM32U031C8T6, STM32U031C8U6, STM32U031F4P6, STM32U031F6P6, STM32U031F8P6, STM32U031G6Y6TR, STM32U031G8Y6TR, STM32U031K4U6, STM32U031K6U6, STM32U031K8U6, STM32U031R6I6, STM32U031R6T6, STM32U031R8I6, STM32U031R8T6, STM32U073C8T6, STM32U073C8U6, STM32U073CBT6, STM32U073CBU6, STM32U073CCT6, STM32U073CCU6, STM32U073H8Y6TR, STM32U073HBY6TR, STM32U073HCY6TR, STM32U073K8U6, STM32U073KBU6, STM32U073KCU6, STM32U073M8I6, STM32U073M8T6, STM32U073MBI6, STM32U073MBT6, STM32U073MCI6, STM32U073MCT6, STM32U073R8I6, STM32U073R8T6, STM32U073RBI6, STM32U073RBT6, STM32U073RCI6, STM32U073RCT6, STM32U083C-DK, STM32U083CCT6, STM32U083CCU6, STM32U083HCY6TR, STM32U083KCU6, STM32U083MCI6, STM32U083MCT6, STM32U083RCI6, STM32U083RCT6, STM32U535CBT6, STM32U535CBT6Q, STM32U535CBU6, STM32U535CBU6Q, STM32U535CCT6, STM32U535CCT6Q, STM32U535CCU6, STM32U535CCU6Q, STM32U535CET6, STM32U535CET6Q, STM32U535CEU6, STM32U535CEU6Q, STM32U535JEY6QTR, STM32U535NCY6QTR, STM32U535NEY6QTR, STM32U535RBI6, STM32U535RBI6Q, STM32U535RBT6, STM32U535RBT6Q, STM32U535RCI6, STM32U535RCI6Q, STM32U535RCT6, STM32U535RCT6Q, STM32U535REI6, STM32U535REI6Q, STM32U535RET6, STM32U535RET6Q, STM32U535VCI6, STM32U535VCI6Q, STM32U535VCT6, STM32U535VCT6Q, STM32U535VEI6, STM32U535VEI6Q, STM32U535VET6, STM32U535VET6Q, STM32U545CET6, STM32U545CET6Q, STM32U545CEU6, STM32U545CEU6Q, STM32U545JEY6QTR, STM32U545NEY6QTR, STM32U545REI6, STM32U545REI6Q, STM32U545RET6, STM32U545RET6Q, STM32U545VEI6, STM32U545VEI6Q, STM32U545VET6, STM32U545VET6Q, STM32U595AIH6, STM32U595AIH6Q, STM32U595AJH6, STM32U595AJH6Q, STM32U595QII6, STM32U595QII6Q, STM32U595QJI6, STM32U595QJI6Q, STM32U595RIT6, STM32U595RIT6Q, STM32U595RJT6, STM32U595RJT6Q, STM32U595VIT6, STM32U595VIT6Q, STM32U595VJT6, STM32U595VJT6Q, STM32U595ZIT6, STM32U595ZIT6Q, STM32U595ZIY6QTR, STM32U595ZJT6, STM32U595ZJT6Q, STM32U595ZJY6QTR, STM32U599BJY6QTR, STM32U599NIH6Q, STM32U599NJH6Q, STM32U599VIT6Q, STM32U599VJT6, STM32U599VJT6Q, STM32U599ZIT6Q, STM32U599ZIY6QTR, STM32U599ZJT6Q, STM32U599ZJY6QTR, STM32U5A5AJH6, STM32U5A5AJH6Q, STM32U5A5QII3Q , STM32U5A5QJI6, STM32U5A5QJI6Q, STM32U5A5RJT6, STM32U5A5RJT6Q, STM32U5A5VJT6, STM32U5A5VJT6Q, STM32U5A5ZJT6, STM32U5A5ZJT6Q, STM32U5A5ZJY6QTR, STM32U5A9BJY6QTR, STM32U5A9J-DK, STM32U5A9NJH6Q, STM32U5A9VJT6Q, STM32U5A9ZJT6Q, STM32U5A9ZJY6QTR, STM32U5F7VIT6, STM32U5F7VIT6Q, STM32U5F7VJT6, STM32U5F7VJT6Q, STM32U5F9BJY6QTR, STM32U5F9NJH6Q, STM32U5F9VIT6Q, STM32U5F9VJT6Q, STM32U5F9ZIJ6QTR, STM32U5F9ZIT6Q, STM32U5F9ZJJ6QTR, STM32U5F9ZJT6Q, STM32U5G7VJT6, STM32U5G7VJT6Q, STM32U5G9BJY6QTR, STM32U5G9J-DK1, STM32U5G9J-DK2, STM32U5G9NJH6Q, STM32U5G9VJT6Q, STM32U5G9ZJJ6QTR, STM32U5G9ZJT6Q, STM32WB05KZV6TR, STM32WB05KZV7TR, STM32WB05TZF6TR, STM32WB05TZF7TR, STM32WB06CCF6TR, STM32WB06CCF7TR, STM32WB06CCV6TR, STM32WB06CCV7TR, STM32WB06KCV6TR, STM32WB06KCV7TR, STM32WB07CCF6TR, STM32WB07CCF7TR, STM32WB07CCV6TR, STM32WB07CCV7TR, STM32WB07KCV6TR, STM32WB07KCV7TR, STM32WB09KEV6TR, STM32WB09KEV7TR, STM32WB09TEF6TR, STM32WB09TEF7TR, STM32WB1MMCH6, STM32WBA50KGU6, STM32WBA50KGU6TR, STM32WBA52CEU6, STM32WBA52CEU6TR, STM32WBA52CEU7, STM32WBA52CEU7TR, STM32WBA52CGU6, STM32WBA52CGU6TR, STM32WBA52CGU6U, STM32WBA52CGU7, STM32WBA52CGU7TR, STM32WBA52KEU6, STM32WBA52KEU6TR, STM32WBA52KGU6, STM32WBA52KGU6TR, STM32WBA54CEU6, STM32WBA54CEU6TR, STM32WBA54CEU7, STM32WBA54CEU7TR, STM32WBA54CGU6, STM32WBA54CGU6TR, STM32WBA54CGU7, STM32WBA54CGU7TR, STM32WBA54KEU6, STM32WBA54KEU6TR, STM32WBA54KEU7, STM32WBA54KEU7TR, STM32WBA54KGU6, STM32WBA54KGU6TR, STM32WBA54KGU7, STM32WBA54KGU7TR, STM32WBA55CEU6, STM32WBA55CEU6TR, STM32WBA55CEU7, STM32WBA55CEU7TR, STM32WBA55CGU6, STM32WBA55CGU6TR, STM32WBA55CGU6U, STM32WBA55CGU7, STM32WBA55CGU7TR, STM32WBA55G-DK1, STM32WBA55HEF6, STM32WBA55HEF7, STM32WBA55HGF6, STM32WBA55HGF7, STM32WBA55UEI6, STM32WBA55UEI6TR, STM32WBA55UEI7, STM32WBA55UEI7TR, STM32WBA55UGI6, STM32WBA55UGI6TR, STM32WBA55UGI7, STM32WBA55UGI7TR, STM32WL5MOCH6, STM32WL5MOCH6TR]
2024-11-06 15:42:03,046 [INFO] BoardInfo:889 - No configuration file found for board P-NUCLEO-WB55
2024-11-06 15:42:03,047 [INFO] DbBoards:161 - Kit is not supported: P-NUCLEO-WB55
2024-11-06 15:42:03,061 [INFO] BoardInfo:889 - No configuration file found for board STEVAL-BFA001V1B
2024-11-06 15:42:03,062 [INFO] DbBoards:161 - Kit is not supported: STEVAL-BFA001V1B
2024-11-06 15:42:03,064 [INFO] BoardInfo:889 - No configuration file found for board STEVAL-BFA001V2B
2024-11-06 15:42:03,066 [INFO] DbBoards:161 - Kit is not supported: STEVAL-BFA001V2B
2024-11-06 15:42:03,340 [INFO] DbBoards:168 - Found 201 boards, 198 are supported
2024-11-06 15:42:03,340 [INFO] DbBoards:169 - Found 201 boards, 25 of them is supported for  Bsp
2024-11-06 15:42:03,346 [INFO] ApiDb:668 - CubeFinder database Data Model version=2.1
2024-11-06 15:42:03,346 [INFO] ApiDb:669 - CubeFinder database Configuration version=3.0.39
2024-11-06 15:42:03,347 [INFO] ApiDb:670 - CubeFinder database generation date=2024-10-15 (1729006872)
2024-11-06 15:42:03,347 [INFO] ApiDb:671 - CubeFinder database FW Pack versions=[FP-ATR-ASTRA1_V2.0.0, FP-SNS-FLIGHT1_V5.0.2, FP-SNS-MOTENV1_V5.0.0, FP-SNS-MOTENVWB1_V1.4.0, FP-SNS-SMARTAG2_V1.2.0, FP-SNS-STBOX1_V2.0.0, STM32Cube_FW_C0_V1.2.0, STM32Cube_FW_F4_V1.28.1, STM32Cube_FW_F7_V1.17.2, STM32Cube_FW_G0_V1.6.2, STM32Cube_FW_G4_V1.6.0, STM32Cube_FW_H5_V1.3.0, STM32Cube_FW_H7RS_V1.1.0, STM32Cube_FW_H7_V1.11.2, STM32Cube_FW_L0_V1.12.2, STM32Cube_FW_L5_V1.5.1, STM32Cube_FW_U0_V1.1.0, STM32Cube_FW_U5_V1.6.0, STM32Cube_FW_WB0_V1.0.0, STM32Cube_FW_WBA_V1.4.1, STM32Cube_FW_WB_V1.20.0, STM32Cube_FW_WL_V1.3.0, X-CUBE-ALGOBUILD_V1.4.0, X-CUBE-ALS_V1.0.2, X-CUBE-AZRTOS-F4_V1.1.0, X-CUBE-AZRTOS-F7_V1.1.0, X-CUBE-AZRTOS-G0_V1.1.0, X-CUBE-AZRTOS-G4_V2.0.0, X-CUBE-AZRTOS-H7RS_V1.0.0, X-CUBE-AZRTOS-H7_V3.3.0, X-CUBE-AZRTOS-L4_V2.0.0, X-CUBE-AZRTOS-L5_V2.0.0, X-CUBE-AZRTOS-WB_V2.0.0, X-CUBE-AZRTOS-WL_V2.0.0, X-CUBE-BLE1_V7.0.0, X-CUBE-BLE2_V3.3.0, X-CUBE-BLEMGR_V3.1.0, X-CUBE-EEPRMA1_V5.1.0, X-CUBE-FREERTOS_V1.2.0, X-CUBE-GNSS1_V6.0.0, X-CUBE-MEMS1_V11.0.0, X-CUBE-NFC4_V3.0.0, X-CUBE-NFC7_V1.0.1, X-CUBE-SFXS2LP1_V4.0.0, X-CUBE-SUBG2_V5.0.0, X-CUBE-TOF1_V3.4.2]
2024-11-06 15:42:06,277 [INFO] ApiDb:240 - Found 646 in-development CPN: [B-G473E-ZEST1S, B-WB1M-WPAN1, B-WL5M-SUBG1, NUCLEO-C031C6, NUCLEO-C071RB, NUCLEO-H503RB, NUCLEO-H533RE, NUCLEO-H563ZI, NUCLEO-H7S3L8, NUCLEO-U031R8, NUCLEO-U083RC, NUCLEO-U545RE-Q, NUCLEO-U5A5ZJ-Q, NUCLEO-WB05KZ, NUCLEO-WB07CC, NUCLEO-WB09KE, NUCLEO-WBA52CG, NUCLEO-WBA55CG, STEVAL-PROTEUS1, STEVAL-SMARTAG2, STEVAL-STWINBX1, STM320518-EVAL, STM32C0116-DK, STM32C011D6Y3TR, STM32C011D6Y6TR, STM32C011F4P3, STM32C011F4P6, STM32C011F4U3, STM32C011F4U6TR, STM32C011F6P3, STM32C011F6P6, STM32C011F6U3, STM32C011F6U6TR, STM32C011J4M3, STM32C011J4M6, STM32C011J6M3, STM32C011J6M6, STM32C0316-DK, STM32C031C4T3, STM32C031C4T6, STM32C031C4U3, STM32C031C4U6, STM32C031C6T3, STM32C031C6T6, STM32C031C6U3, STM32C031C6U6, STM32C031F4P3, STM32C031F4P6, STM32C031F6P3, STM32C031F6P6, STM32C031G4U3, STM32C031G4U6, STM32C031G6U3, STM32C031G6U6, STM32C031K4T3, STM32C031K4T6, STM32C031K4U3, STM32C031K4U6, STM32C031K6T3, STM32C031K6T6, STM32C031K6U3, STM32C031K6U6, STM32C071C8T6, STM32C071C8T6N, STM32C071C8U6, STM32C071C8U6N, STM32C071CBT6, STM32C071CBT6N, STM32C071CBU6, STM32C071CBU6N, STM32C071F8P6, STM32C071F8P6N, STM32C071FBP6, STM32C071FBP6N, STM32C071FBY6TR, STM32C071G8U6, STM32C071G8U6N, STM32C071GBU6, STM32C071GBU6N, STM32C071K8T6, STM32C071K8T6N, STM32C071K8U6, STM32C071K8U6N, STM32C071KBT6, STM32C071KBT6N, STM32C071KBU6, STM32C071KBU6N, STM32C071R8T6, STM32C071R8T6N, STM32C071RBI6N, STM32C071RBT6, STM32C071RBT6N, STM32G071K8TXN, STM32G071K8UXN, STM32G081GBU6N, STM32G081KBT6N, STM32G081KBUXN, STM32G0B1CCT6N, STM32G0B1KCT6, STM32G0B1NEY6TR, STM32G0B1RCT6N, STM32G0C1CCT6, STM32G0C1CCT6N, STM32G0C1CCU6N, STM32G0C1CET6N, STM32G0C1CEU6N, STM32G0C1KCT6, STM32G0C1NEY6TR, STM32G0C1RCI6N, STM32G0C1RCT6N, STM32G0C1REI6N, STM32G0C1RET6N, STM32G0C1VCI6, STM32G0C1VEI6, STM32G411C6T3, STM32G411C6T6, STM32G411C6U3, STM32G411C6U6, STM32G411C8T3, STM32G411C8T6, STM32G411C8U3, STM32G411C8U6, STM32G411CBT3, STM32G411CBT6, STM32G411CBU3, STM32G411CBU6, STM32G411K6T3, STM32G411K6T6, STM32G411K6U3, STM32G411K6U6, STM32G411K8T3, STM32G411K8T6, STM32G411K8U3, STM32G411K8U6, STM32G411KBT3, STM32G411KBT6, STM32G411KBU3, STM32G411KBU6, STM32G411M6T3, STM32G411M6T6, STM32G411M8T3, STM32G411M8T6, STM32G411MBT3, STM32G411MBT6, STM32G411R6T3, STM32G411R6T6, STM32G411R8T3, STM32G411R8T6, STM32G411RBT3, STM32G411RBT6, STM32G414CBT3, STM32G414CBT6, STM32G414CBU3, STM32G414CBU6, STM32G414CCT3, STM32G414CCT6, STM32G414CCU3, STM32G414CCU6, STM32G414MBT3, STM32G414MBT6, STM32G414MCT3, STM32G414MCT6, STM32G414RBT3, STM32G414RBT6, STM32G414RCT3, STM32G414RCT6, STM32G414VBT3, STM32G414VBT6, STM32G414VCT3, STM32G414VCT6, STM32G431CBT3Z, STM32G431RBT3Z, STM32G471CCT6, STM32G471CCU6, STM32G471CET3, STM32G471CET6, STM32G471CEU3, STM32G471CEU6, STM32G471MCT6, STM32G471MET3, STM32G471MET6, STM32G471MEY6TR, STM32G471QCT6, STM32G471QET3, STM32G471RCT6, STM32G471RET3, STM32G471RET6, STM32G471VCH6, STM32G471VCI6, STM32G471VCT6, STM32G471VEH3, STM32G471VEH6, STM32G471VEI3, STM32G471VEI6, STM32G471VET3, STM32G471VET6, STM32G473QET3Z, STM32G473RET3Z, STM32G474CCT6, STM32G491RET3Z, STM32H503CBT6, STM32H503CBU6, STM32H503EBY6TR, STM32H503KBU6, STM32H503RBT6, STM32H523CCT6, STM32H523CCU6, STM32H523CET6, STM32H523CEU6, STM32H523HEY6TR, STM32H523RCT6, STM32H523RET6, STM32H523VCI6, STM32H523VCT6, STM32H523VEI6, STM32H523VET6, STM32H523ZCJ6, STM32H523ZCT6, STM32H523ZEJ6, STM32H523ZET6, STM32H533CET6, STM32H533CEU6, STM32H533HEY6TR, STM32H533RET6, STM32H533VEI6, STM32H533VET6, STM32H533ZEJ6, STM32H533ZET6, STM32H562AGI6, STM32H562AII6, STM32H562IGK6, STM32H562IGT6, STM32H562IIK6, STM32H562IIT6, STM32H562RGT6, STM32H562RGV6, STM32H562RIT6, STM32H562RIV6, STM32H562VGT6, STM32H562VIT6, STM32H562ZGT6, STM32H562ZIT6, STM32H563AGI6, STM32H563AII3Q, STM32H563AII6, STM32H563IGK6, STM32H563IGT6, STM32H563IIK3Q, STM32H563IIK6, STM32H563IIT3Q, STM32H563IIT6, STM32H563MIY3QTR, STM32H563RGT6, STM32H563RGV6, STM32H563RIT6, STM32H563RIV6, STM32H563VGT6, STM32H563VIT3Q, STM32H563VIT6, STM32H563ZGT6, STM32H563ZIT3Q, STM32H563ZIT6, STM32H573AII3Q, STM32H573AII6, STM32H573I-DK, STM32H573IIK3Q, STM32H573IIK6, STM32H573IIT3Q, STM32H573IIT6, STM32H573MIY3QTR, STM32H573RIT6, STM32H573RIV6, STM32H573VIT3Q, STM32H573VIT6, STM32H573ZIT3Q, STM32H573ZIT6, STM32H7R3A8I6, STM32H7R3I8K6, STM32H7R3I8T6, STM32H7R3L8H6, STM32H7R3L8H6H, STM32H7R3R8V6, STM32H7R3V8H6, STM32H7R3V8T6, STM32H7R3V8Y6TR, STM32H7R3Z8J6, STM32H7R3Z8T6, STM32H7R7A8I6, STM32H7R7I8K6, STM32H7R7I8T6, STM32H7R7L8H6, STM32H7R7L8H6H, STM32H7R7Z8J6, STM32H7S3A8I6, STM32H7S3I8K6, STM32H7S3I8T6, STM32H7S3L8H6, STM32H7S3L8H6H, STM32H7S3R8V6, STM32H7S3V8H6, STM32H7S3V8T6, STM32H7S3V8Y6TR, STM32H7S3Z8J6, STM32H7S3Z8T6, STM32H7S78-DK, STM32H7S7A8I6, STM32H7S7I8K6, STM32H7S7I8T6, STM32H7S7L8H6, STM32H7S7L8H6H, STM32H7S7Z8J6, STM32L4R5QGI6STR, STM32MP131AAE3, STM32MP131AAF3, STM32MP131AAG3, STM32MP131CAE3, STM32MP131CAF3, STM32MP131CAG3, STM32MP131DAE7, STM32MP131DAF7, STM32MP131DAG7, STM32MP131FAE7, STM32MP131FAF7, STM32MP131FAG7, STM32MP133AAE3, STM32MP133AAF3, STM32MP133AAG3, STM32MP133CAE3, STM32MP133CAF3, STM32MP133CAG3, STM32MP133DAE7, STM32MP133DAF7, STM32MP133DAG7, STM32MP133FAE7, STM32MP133FAF7, STM32MP133FAG7, STM32MP135AAE3, STM32MP135AAF3, STM32MP135AAG3, STM32MP135CAE3, STM32MP135CAF3, STM32MP135CAG3, STM32MP135DAE7, STM32MP135DAF7, STM32MP135DAG7, STM32MP135F-DK, STM32MP135FAE7, STM32MP135FAF7, STM32MP135FAF7T, STM32MP135FAF7U, STM32MP135FAG7, STM32MP251AAI3, STM32MP251AAK3, STM32MP251AAL3, STM32MP251CAI3, STM32MP251CAK3, STM32MP251CAL3, STM32MP251DAI3, STM32MP251DAK3, STM32MP251DAL3, STM32MP251FAI3, STM32MP251FAK3, STM32MP251FAL3, STM32MP253AAI3, STM32MP253AAK3, STM32MP253AAL3, STM32MP253CAI3, STM32MP253CAK3, STM32MP253CAL3, STM32MP253DAI3, STM32MP253DAK3, STM32MP253DAL3, STM32MP253FAI3, STM32MP253FAK3, STM32MP253FAL3, STM32MP255AAI3, STM32MP255AAK3, STM32MP255AAL3, STM32MP255CAI3, STM32MP255CAK3, STM32MP255CAL3, STM32MP255DAI3, STM32MP255DAK3, STM32MP255DAL3, STM32MP255FAI3, STM32MP255FAK3, STM32MP255FAL3, STM32MP257AAI3, STM32MP257AAK3, STM32MP257AAL3, STM32MP257CAI3, STM32MP257CAK3, STM32MP257CAL3, STM32MP257DAI3, STM32MP257DAK3, STM32MP257DAL3, STM32MP257F-DK, STM32MP257F-EV1, STM32MP257FAI3, STM32MP257FAK3, STM32MP257FAL3, STM32U031C6T6, STM32U031C6U6, STM32U031C8T6, STM32U031C8U6, STM32U031F4P6, STM32U031F6P6, STM32U031F8P6, STM32U031G6Y6TR, STM32U031G8Y6TR, STM32U031K4U6, STM32U031K6U6, STM32U031K8U6, STM32U031R6I6, STM32U031R6T6, STM32U031R8I6, STM32U031R8T6, STM32U073C8T6, STM32U073C8U6, STM32U073CBT6, STM32U073CBU6, STM32U073CCT6, STM32U073CCU6, STM32U073H8Y6TR, STM32U073HBY6TR, STM32U073HCY6TR, STM32U073K8U6, STM32U073KBU6, STM32U073KCU6, STM32U073M8I6, STM32U073M8T6, STM32U073MBI6, STM32U073MBT6, STM32U073MCI6, STM32U073MCT6, STM32U073R8I6, STM32U073R8T6, STM32U073RBI6, STM32U073RBT6, STM32U073RCI6, STM32U073RCT6, STM32U083C-DK, STM32U083CCT6, STM32U083CCU6, STM32U083HCY6TR, STM32U083KCU6, STM32U083MCI6, STM32U083MCT6, STM32U083RCI6, STM32U083RCT6, STM32U535CBT6, STM32U535CBT6Q, STM32U535CBU6, STM32U535CBU6Q, STM32U535CCT6, STM32U535CCT6Q, STM32U535CCU6, STM32U535CCU6Q, STM32U535CET6, STM32U535CET6Q, STM32U535CEU6, STM32U535CEU6Q, STM32U535JEY6QTR, STM32U535NCY6QTR, STM32U535NEY6QTR, STM32U535RBI6, STM32U535RBI6Q, STM32U535RBT6, STM32U535RBT6Q, STM32U535RCI6, STM32U535RCI6Q, STM32U535RCT6, STM32U535RCT6Q, STM32U535REI6, STM32U535REI6Q, STM32U535RET6, STM32U535RET6Q, STM32U535VCI6, STM32U535VCI6Q, STM32U535VCT6, STM32U535VCT6Q, STM32U535VEI6, STM32U535VEI6Q, STM32U535VET6, STM32U535VET6Q, STM32U545CET6, STM32U545CET6Q, STM32U545CEU6, STM32U545CEU6Q, STM32U545JEY6QTR, STM32U545NEY6QTR, STM32U545REI6, STM32U545REI6Q, STM32U545RET6, STM32U545RET6Q, STM32U545VEI6, STM32U545VEI6Q, STM32U545VET6, STM32U545VET6Q, STM32U595AIH6, STM32U595AIH6Q, STM32U595AJH6, STM32U595AJH6Q, STM32U595QII6, STM32U595QII6Q, STM32U595QJI6, STM32U595QJI6Q, STM32U595RIT6, STM32U595RIT6Q, STM32U595RJT6, STM32U595RJT6Q, STM32U595VIT6, STM32U595VIT6Q, STM32U595VJT6, STM32U595VJT6Q, STM32U595ZIT6, STM32U595ZIT6Q, STM32U595ZIY6QTR, STM32U595ZJT6, STM32U595ZJT6Q, STM32U595ZJY6QTR, STM32U599BJY6QTR, STM32U599NIH6Q, STM32U599NJH6Q, STM32U599VIT6Q, STM32U599VJT6, STM32U599VJT6Q, STM32U599ZIT6Q, STM32U599ZIY6QTR, STM32U599ZJT6Q, STM32U599ZJY6QTR, STM32U5A5AJH6, STM32U5A5AJH6Q, STM32U5A5QII3Q , STM32U5A5QJI6, STM32U5A5QJI6Q, STM32U5A5RJT6, STM32U5A5RJT6Q, STM32U5A5VJT6, STM32U5A5VJT6Q, STM32U5A5ZJT6, STM32U5A5ZJT6Q, STM32U5A5ZJY6QTR, STM32U5A9BJY6QTR, STM32U5A9J-DK, STM32U5A9NJH6Q, STM32U5A9VJT6Q, STM32U5A9ZJT6Q, STM32U5A9ZJY6QTR, STM32U5F7VIT6, STM32U5F7VIT6Q, STM32U5F7VJT6, STM32U5F7VJT6Q, STM32U5F9BJY6QTR, STM32U5F9NJH6Q, STM32U5F9VIT6Q, STM32U5F9VJT6Q, STM32U5F9ZIJ6QTR, STM32U5F9ZIT6Q, STM32U5F9ZJJ6QTR, STM32U5F9ZJT6Q, STM32U5G7VJT6, STM32U5G7VJT6Q, STM32U5G9BJY6QTR, STM32U5G9J-DK1, STM32U5G9J-DK2, STM32U5G9NJH6Q, STM32U5G9VJT6Q, STM32U5G9ZJJ6QTR, STM32U5G9ZJT6Q, STM32WB05KZV6TR, STM32WB05KZV7TR, STM32WB05TZF6TR, STM32WB05TZF7TR, STM32WB06CCF6TR, STM32WB06CCF7TR, STM32WB06CCV6TR, STM32WB06CCV7TR, STM32WB06KCV6TR, STM32WB06KCV7TR, STM32WB07CCF6TR, STM32WB07CCF7TR, STM32WB07CCV6TR, STM32WB07CCV7TR, STM32WB07KCV6TR, STM32WB07KCV7TR, STM32WB09KEV6TR, STM32WB09KEV7TR, STM32WB09TEF6TR, STM32WB09TEF7TR, STM32WB1MMCH6, STM32WBA50KGU6, STM32WBA50KGU6TR, STM32WBA52CEU6, STM32WBA52CEU6TR, STM32WBA52CEU7, STM32WBA52CEU7TR, STM32WBA52CGU6, STM32WBA52CGU6TR, STM32WBA52CGU6U, STM32WBA52CGU7, STM32WBA52CGU7TR, STM32WBA52KEU6, STM32WBA52KEU6TR, STM32WBA52KGU6, STM32WBA52KGU6TR, STM32WBA54CEU6, STM32WBA54CEU6TR, STM32WBA54CEU7, STM32WBA54CEU7TR, STM32WBA54CGU6, STM32WBA54CGU6TR, STM32WBA54CGU7, STM32WBA54CGU7TR, STM32WBA54KEU6, STM32WBA54KEU6TR, STM32WBA54KEU7, STM32WBA54KEU7TR, STM32WBA54KGU6, STM32WBA54KGU6TR, STM32WBA54KGU7, STM32WBA54KGU7TR, STM32WBA55CEU6, STM32WBA55CEU6TR, STM32WBA55CEU7, STM32WBA55CEU7TR, STM32WBA55CGU6, STM32WBA55CGU6TR, STM32WBA55CGU6U, STM32WBA55CGU7, STM32WBA55CGU7TR, STM32WBA55G-DK1, STM32WBA55HEF6, STM32WBA55HEF7, STM32WBA55HGF6, STM32WBA55HGF7, STM32WBA55UEI6, STM32WBA55UEI6TR, STM32WBA55UEI7, STM32WBA55UEI7TR, STM32WBA55UGI6, STM32WBA55UGI6TR, STM32WBA55UGI7, STM32WBA55UGI7TR, STM32WL5MOCH6, STM32WL5MOCH6TR]
2024-11-06 15:42:06,284 [INFO] DbMcus:218 - Found 4252 MCUs, 4252 are supported
2024-11-06 15:42:06,286 [INFO] ApiDb:423 - Load user favorites file C:\Users\LENOVO/.stm32cubeide/favorites.mcus.txt: 0 item(s)
2024-11-06 15:42:06,287 [INFO] ApiDb:427 - User favorites MCUs=[]
2024-11-06 15:42:06,287 [INFO] DbMcus:224 - Set 0 / 0 favorites MCUs
2024-11-06 15:42:07,010 [INFO] ApiDb:423 - Load user favorites file C:\Users\LENOVO/.stm32cubeide/favorites.boards.txt: 0 item(s)
2024-11-06 15:42:07,011 [INFO] ApiDb:427 - User favorites Boards=[]
2024-11-06 15:42:07,011 [INFO] DbBoards:198 - Set 0 / 0 favorites Boards
2024-11-06 15:42:07,058 [INFO] UtilMem:75 - End LoadConfig() Used Memory: 318376064 Bytes (447741952)
2024-11-06 15:42:07,317 [WARN] ThirdParty:833 - waiting for thirdparty lock release [change project]
2024-11-06 15:42:07,317 [INFO] ThirdParty:835 - entering critical section [change project]
2024-11-06 15:42:07,318 [INFO] ThirdParty:1030 - CMSIS Pack Vendor :STMicroelectronics USBPD 4.1
2024-11-06 15:42:07,318 [INFO] ThirdParty:1030 - CMSIS Pack Vendor :STMicroelectronics X-CUBE-AZRTOS-H7 3.3.0
2024-11-06 15:42:07,318 [INFO] ThirdParty:1030 - CMSIS Pack Vendor :STMicroelectronics X-CUBE-NFC9 1.0.0
2024-11-06 15:42:07,318 [INFO] ThirdParty:1030 - CMSIS Pack Vendor :STMicroelectronics X-CUBE-GNSS1 6.0.0
2024-11-06 15:42:07,318 [INFO] ThirdParty:1030 - CMSIS Pack Vendor :STMicroelectronics USB_HOST 2.0.0
2024-11-06 15:42:07,318 [INFO] ThirdParty:1030 - CMSIS Pack Vendor :STMicroelectronics FP-SNS-MOTENVWB1 1.4.0
2024-11-06 15:42:07,319 [INFO] ThirdParty:1030 - CMSIS Pack Vendor :STMicroelectronics X-CUBE-AZRTOS-F4 1.1.0
2024-11-06 15:42:07,319 [INFO] ThirdParty:1030 - CMSIS Pack Vendor :STMicroelectronics LIBJPEG 8.0.0
2024-11-06 15:42:07,319 [INFO] ThirdParty:1030 - CMSIS Pack Vendor :STMicroelectronics X-CUBE-SMBUS 2.1.0
2024-11-06 15:42:07,319 [INFO] ThirdParty:1030 - CMSIS Pack Vendor :STMicroelectronics X-CUBE-WB05N 1.1.0
2024-11-06 15:42:07,319 [INFO] ThirdParty:1030 - CMSIS Pack Vendor :STMicroelectronics USB_DEVICE 3.0.0
2024-11-06 15:42:07,319 [INFO] ThirdParty:1030 - CMSIS Pack Vendor :STMicroelectronics X-CUBE-TCPP 4.1.0
2024-11-06 15:42:07,319 [INFO] ThirdParty:1030 - CMSIS Pack Vendor :STMicroelectronics X-CUBE-ISPU 2.1.0
2024-11-06 15:42:07,319 [INFO] ThirdParty:1030 - CMSIS Pack Vendor :STMicroelectronics X-CUBE-FREERTOS 1.2.0
2024-11-06 15:42:07,319 [INFO] ThirdParty:1030 - CMSIS Pack Vendor :STMicroelectronics X-CUBE-IPS 3.0.0
2024-11-06 15:42:07,319 [INFO] ThirdParty:1030 - CMSIS Pack Vendor :STMicroelectronics X-CUBE-AZRTOS-WB 2.0.0
2024-11-06 15:42:07,319 [INFO] ThirdParty:1030 - CMSIS Pack Vendor :STMicroelectronics X-CUBE-GNSS1 7.0.0
2024-11-06 15:42:07,319 [INFO] ThirdParty:1030 - CMSIS Pack Vendor :STMicroelectronics X-CUBE-TOUCHGFX 4.23.2
2024-11-06 15:42:07,320 [INFO] ThirdParty:1030 - CMSIS Pack Vendor :STMicroelectronics X-CUBE-AZRTOS-F7 1.1.0
2024-11-06 15:42:07,320 [INFO] ThirdParty:1030 - CMSIS Pack Vendor :STMicroelectronics X-CUBE-AZRTOS-L5 2.0.0
2024-11-06 15:42:07,320 [INFO] ThirdParty:1030 - CMSIS Pack Vendor :STMicroelectronics USB_DEVICE 2.0.0
2024-11-06 15:42:07,320 [INFO] ThirdParty:1030 - CMSIS Pack Vendor :STMicroelectronics X-CUBE-NFC6 3.1.0
2024-11-06 15:42:07,320 [INFO] ThirdParty:1030 - CMSIS Pack Vendor :STMicroelectronics FP-SNS-STBOX1 2.0.0
2024-11-06 15:42:07,320 [INFO] ThirdParty:1030 - CMSIS Pack Vendor :STMicroelectronics X-CUBE-MEMS1 11.0.0
2024-11-06 15:42:07,320 [INFO] ThirdParty:1030 - CMSIS Pack Vendor :STMicroelectronics FreeRTOS 0.0.1
2024-11-06 15:42:07,320 [INFO] ThirdParty:1030 - CMSIS Pack Vendor :STMicroelectronics X-CUBE-AZRTOS-G0 1.1.0
2024-11-06 15:42:07,320 [INFO] ThirdParty:1030 - CMSIS Pack Vendor :STMicroelectronics X-CUBE-SAFEA1 1.2.2
2024-11-06 15:42:07,320 [INFO] ThirdParty:1030 - CMSIS Pack Vendor :STMicroelectronics X-CUBE-NFC4 3.0.0
2024-11-06 15:42:07,320 [INFO] ThirdParty:1030 - CMSIS Pack Vendor :STMicroelectronics X-CUBE-DPower 1.2.0
2024-11-06 15:42:07,320 [INFO] ThirdParty:1030 - CMSIS Pack Vendor :STMicroelectronics X-CUBE-SUBG2 5.0.0
2024-11-06 15:42:07,321 [INFO] ThirdParty:1030 - CMSIS Pack Vendor :STMicroelectronics STM32_WPAN 1.0.0
2024-11-06 15:42:07,321 [INFO] ThirdParty:1030 - CMSIS Pack Vendor :EmbeddedOffice I-CUBE-FS-RTOS 1.0.1
2024-11-06 15:42:07,321 [INFO] ThirdParty:1030 - CMSIS Pack Vendor :STMicroelectronics lwIP 2.0.3
2024-11-06 15:42:07,321 [INFO] ThirdParty:1030 - CMSIS Pack Vendor :STMicroelectronics FP-SNS-FLIGHT1 5.0.2
2024-11-06 15:42:07,321 [INFO] ThirdParty:1030 - CMSIS Pack Vendor :Cesanta I-CUBE-Mongoose 7.13.0
2024-11-06 15:42:07,321 [INFO] ThirdParty:1030 - CMSIS Pack Vendor :STMicroelectronics USB_HOST 1.0.0
2024-11-06 15:42:07,321 [INFO] ThirdParty:1030 - CMSIS Pack Vendor :STMicroelectronics X-CUBE-AI 9.0.0
2024-11-06 15:42:07,321 [INFO] ThirdParty:1030 - CMSIS Pack Vendor :STMicroelectronics X-CUBE-AZRTOS-G4 2.0.0
2024-11-06 15:42:07,321 [INFO] ThirdParty:1030 - CMSIS Pack Vendor :STMicroelectronics PDM2PCM 3.1.0
2024-11-06 15:42:07,321 [INFO] ThirdParty:1030 - CMSIS Pack Vendor :STMicroelectronics PDM2PCM 3.3.0
2024-11-06 15:42:07,321 [INFO] ThirdParty:1030 - CMSIS Pack Vendor :STMicroelectronics X-CUBE-DISPLAY 3.0.0
2024-11-06 15:42:07,322 [INFO] ThirdParty:1030 - CMSIS Pack Vendor :RealThread X-CUBE-RT-Thread_Nano 4.1.1
2024-11-06 15:42:07,322 [INFO] ThirdParty:1030 - CMSIS Pack Vendor :wolfSSL I-CUBE-wolfSSL 5.7.0
2024-11-06 15:42:07,322 [INFO] ThirdParty:1030 - CMSIS Pack Vendor :STMicroelectronics X-CUBE-BLE1 7.0.0
2024-11-06 15:42:07,322 [INFO] ThirdParty:1030 - CMSIS Pack Vendor :STMicroelectronics FP-ATR-SIGFOX1 3.2.0
2024-11-06 15:42:07,322 [INFO] ThirdParty:1030 - CMSIS Pack Vendor :STMicroelectronics X-CUBE-NFC10 1.0.0
2024-11-06 15:42:07,322 [INFO] ThirdParty:1030 - CMSIS Pack Vendor :STMicroelectronics X-CUBE-ISPU 2.0.0
2024-11-06 15:42:07,322 [INFO] ThirdParty:1030 - CMSIS Pack Vendor :STMicroelectronics X-CUBE-EEPRMA1 5.1.0
2024-11-06 15:42:07,322 [INFO] ThirdParty:1030 - CMSIS Pack Vendor :STMicroelectronics HAL Drivers 0.0.0
2024-11-06 15:42:07,322 [INFO] ThirdParty:1030 - CMSIS Pack Vendor :STMicroelectronics MBEDTLS 2.16.2
2024-11-06 15:42:07,322 [INFO] ThirdParty:1030 - CMSIS Pack Vendor :STMicroelectronics X-CUBE-ALS 1.0.2
2024-11-06 15:42:07,322 [INFO] ThirdParty:1030 - CMSIS Pack Vendor :emotas I-CUBE-CANOPEN 1.3.0
2024-11-06 15:42:07,323 [INFO] ThirdParty:1030 - CMSIS Pack Vendor :STMicroelectronics X-CUBE-MEMS1 10.0.0
2024-11-06 15:42:07,323 [INFO] ThirdParty:1030 - CMSIS Pack Vendor :STMicroelectronics X-CUBE-NFC7 1.0.1
2024-11-06 15:42:07,323 [INFO] ThirdParty:1030 - CMSIS Pack Vendor :STMicroelectronics MBEDTLS 2.14.1
2024-11-06 15:42:07,323 [INFO] ThirdParty:1030 - CMSIS Pack Vendor :ITTIA_DB I-CUBE-ITTIADB 8.9.0
2024-11-06 15:42:07,323 [INFO] ThirdParty:1030 - CMSIS Pack Vendor :STMicroelectronics X-CUBE-TOUCHGFX 4.24.1
2024-11-06 15:42:07,323 [INFO] ThirdParty:1030 - CMSIS Pack Vendor :wolfSSL I-CUBE-wolfTPM 3.4.0
2024-11-06 15:42:07,323 [INFO] ThirdParty:1030 - CMSIS Pack Vendor :portGmbH I-Cube-SoM-uGOAL 1.1.0
2024-11-06 15:42:07,323 [INFO] ThirdParty:1030 - CMSIS Pack Vendor :STMicroelectronics X-CUBE-ALS 1.0.1
2024-11-06 15:42:07,324 [INFO] ThirdParty:1030 - CMSIS Pack Vendor :STMicroelectronics X-CUBE-BLEMGR 3.1.0
2024-11-06 15:42:07,324 [INFO] ThirdParty:1030 - CMSIS Pack Vendor :STMicroelectronics ThreadX 1.0.0
2024-11-06 15:42:07,324 [INFO] ThirdParty:1030 - CMSIS Pack Vendor :STMicroelectronics FP-SNS-SMARTAG2 1.2.0
2024-11-06 15:42:07,324 [INFO] ThirdParty:1030 - CMSIS Pack Vendor :STMicroelectronics X-CUBE-AZRTOS-WL 2.0.0
2024-11-06 15:42:07,325 [INFO] ThirdParty:1030 - CMSIS Pack Vendor :SEGGER I-CUBE-embOS 1.3.1
2024-11-06 15:42:07,325 [INFO] ThirdParty:1030 - CMSIS Pack Vendor :STMicroelectronics X-CUBE-ALGOBUILD 1.4.0
2024-11-06 15:42:07,325 [INFO] ThirdParty:1030 - CMSIS Pack Vendor :STMicroelectronics FP-SNS-MOTENV1 5.0.0
2024-11-06 15:42:07,326 [INFO] ThirdParty:1030 - CMSIS Pack Vendor :STMicroelectronics USB_DEVICE 1.0.0
2024-11-06 15:42:07,326 [INFO] ThirdParty:1030 - CMSIS Pack Vendor :STMicroelectronics X-CUBE-AZRTOS-H7RS 1.0.0
2024-11-06 15:42:07,326 [INFO] ThirdParty:1030 - CMSIS Pack Vendor :wolfSSL I-CUBE-wolfMQTT 1.19.0
2024-11-06 15:42:07,326 [INFO] ThirdParty:1030 - CMSIS Pack Vendor :STMicroelectronics X-CUBE-AZRTOS-L4 2.0.0
2024-11-06 15:42:07,326 [INFO] ThirdParty:1030 - CMSIS Pack Vendor :STMicroelectronics ThreadX 0.0.2
2024-11-06 15:42:07,326 [INFO] ThirdParty:1030 - CMSIS Pack Vendor :STMicroelectronics FP-ATR-ASTRA1 2.0.0
2024-11-06 15:42:07,326 [INFO] ThirdParty:1030 - CMSIS Pack Vendor :STMicroelectronics lwIP 2.1.2
2024-11-06 15:42:07,326 [INFO] ThirdParty:1030 - CMSIS Pack Vendor :STMicroelectronics X-CUBE-SFXS2LP1 4.0.0
2024-11-06 15:42:07,326 [INFO] ThirdParty:1030 - CMSIS Pack Vendor :STMicroelectronics X-CUBE-BLE2 3.3.0
2024-11-06 15:42:07,326 [INFO] ThirdParty:1030 - CMSIS Pack Vendor :STMicroelectronics X-CUBE-TOF1 3.4.2
2024-11-06 15:42:07,326 [INFO] ThirdParty:1030 - CMSIS Pack Vendor :STMicroelectronics X-CUBE-AI 9.1.0
2024-11-06 15:42:07,327 [INFO] ThirdParty:1030 - CMSIS Pack Vendor :STMicroelectronics X-CUBE-TOF1 3.4.1
2024-11-06 15:42:07,327 [INFO] ThirdParty:1030 - CMSIS Pack Vendor :STMicroelectronics X-CUBE-AZRTOS-H7 3.2.0
2024-11-06 15:42:07,327 [INFO] ThirdParty:1030 - CMSIS Pack Vendor :Infineon AIROC-Wi-Fi-Bluetooth-STM32 1.6.0
2024-11-06 15:42:07,327 [INFO] ThirdParty:1030 - CMSIS Pack Vendor :STMicroelectronics PDM2PCM 3.2.0
2024-11-06 15:42:07,327 [INFO] ThirdParty:1030 - CMSIS Pack Vendor :wolfSSL I-CUBE-wolfSSH 1.4.17
2024-11-06 15:42:07,327 [INFO] ThirdParty:841 - exiting critical section [change project]
2024-11-06 15:42:08,094 [INFO] PinOutPanel:1561 - setPackage(No Configuration,No Configuration)
2024-11-06 15:42:08,096 [INFO] PinOutPanel:1561 - setPackage(STM32F103C8Tx,LQFP48)
2024-11-06 15:42:08,822 [INFO] UtilMem:75 - Before build in PCC Used Memory: 279208112 Bytes (447741952)
2024-11-06 15:42:10,143 [INFO] UtilMem:75 - After build in PCC Used Memory: 191863600 Bytes (447741952)
2024-11-06 15:42:10,221 [INFO] IPUIPlugin:80 - create IPUIPlugin
2024-11-06 15:42:10,222 [INFO] IPUIPlugin:80 - create IPUIPlugin
2024-11-06 15:42:10,222 [INFO] IPUIPlugin:80 - create IPUIPlugin
2024-11-06 15:42:10,224 [INFO] IPUIPlugin:80 - create IPUIPlugin
2024-11-06 15:42:10,224 [INFO] IPUIPlugin:80 - create IPUIPlugin
2024-11-06 15:42:10,225 [INFO] IPUIPlugin:80 - create IPUIPlugin
2024-11-06 15:42:10,226 [INFO] IPUIPlugin:80 - create IPUIPlugin
2024-11-06 15:42:10,226 [INFO] IPUIPlugin:80 - create IPUIPlugin
2024-11-06 15:42:10,227 [INFO] IPUIPlugin:80 - create IPUIPlugin
2024-11-06 15:42:10,227 [INFO] IPUIPlugin:80 - create IPUIPlugin
2024-11-06 15:42:10,228 [INFO] IPUIPlugin:80 - create IPUIPlugin
2024-11-06 15:42:10,228 [INFO] IPUIPlugin:80 - create IPUIPlugin
2024-11-06 15:42:10,230 [INFO] IPUIPlugin:80 - create IPUIPlugin
2024-11-06 15:42:10,231 [INFO] IPUIPlugin:80 - create IPUIPlugin
2024-11-06 15:42:10,232 [INFO] IPUIPlugin:80 - create IPUIPlugin
2024-11-06 15:42:10,232 [INFO] IPUIPlugin:80 - create IPUIPlugin
2024-11-06 15:42:10,233 [INFO] IPUIPlugin:80 - create IPUIPlugin
2024-11-06 15:42:10,233 [INFO] IPUIPlugin:80 - create IPUIPlugin
2024-11-06 15:42:10,234 [INFO] IPUIPlugin:80 - create IPUIPlugin
2024-11-06 15:42:10,234 [INFO] IPUIPlugin:80 - create IPUIPlugin
2024-11-06 15:42:10,235 [INFO] IPUIPlugin:80 - create IPUIPlugin
2024-11-06 15:42:10,236 [INFO] IPUIPlugin:80 - create IPUIPlugin
2024-11-06 15:42:10,236 [INFO] IPUIPlugin:80 - create IPUIPlugin
2024-11-06 15:42:10,237 [INFO] IPUIPlugin:80 - create IPUIPlugin
2024-11-06 15:42:10,237 [INFO] IPUIPlugin:80 - create IPUIPlugin
2024-11-06 15:42:10,238 [INFO] IPUIPlugin:80 - create IPUIPlugin
2024-11-06 15:42:10,239 [INFO] IPUIPlugin:80 - create IPUIPlugin
2024-11-06 15:42:10,623 [INFO] CADModel:165 - CPN selected for project levelSTM32F103C8T6
2024-11-06 15:42:10,623 [INFO] CADModel:114 - Register for checkConnection events
2024-11-06 15:42:10,707 [INFO] OpenFileManager:363 - Restore cursor
2024-11-06 15:44:34,714 [INFO] NvicIntPanel:101 - NVIC parent = com.st.microxplorer.plugins.ip.nvic.MultiNvicIntPanel[,0,0,0x0,invalid,layout=javax.swing.BoxLayout,alignmentX=0.0,alignmentY=0.0,border=,flags=9,maximumSize=,minimumSize=,preferredSize=]
2024-11-06 15:44:41,451 [INFO] NvicIntPanel:101 - NVIC parent = com.st.microxplorer.plugins.ip.nvic.MultiNvicIntPanel[,0,0,0x0,invalid,layout=javax.swing.BoxLayout,alignmentX=0.0,alignmentY=0.0,border=,flags=9,maximumSize=,minimumSize=,preferredSize=]
2024-11-06 15:44:42,764 [INFO] NvicIntPanel:101 - NVIC parent = com.st.microxplorer.plugins.ip.nvic.MultiNvicIntPanel[,0,0,0x0,invalid,layout=javax.swing.BoxLayout,alignmentX=0.0,alignmentY=0.0,border=,flags=9,maximumSize=,minimumSize=,preferredSize=]
2024-11-06 15:44:49,805 [INFO] NvicIntPanel:101 - NVIC parent = com.st.microxplorer.plugins.ip.nvic.MultiNvicIntPanel[,0,0,0x0,invalid,layout=javax.swing.BoxLayout,alignmentX=0.0,alignmentY=0.0,border=,flags=9,maximumSize=,minimumSize=,preferredSize=]
2024-11-06 15:44:50,682 [INFO] NvicIntPanel:101 - NVIC parent = com.st.microxplorer.plugins.ip.nvic.MultiNvicIntPanel[,0,0,0x0,invalid,layout=javax.swing.BoxLayout,alignmentX=0.0,alignmentY=0.0,border=,flags=9,maximumSize=,minimumSize=,preferredSize=]
2024-11-06 15:45:01,820 [INFO] NvicIntPanel:101 - NVIC parent = com.st.microxplorer.plugins.ip.nvic.MultiNvicIntPanel[,0,0,0x0,invalid,layout=javax.swing.BoxLayout,alignmentX=0.0,alignmentY=0.0,border=,flags=9,maximumSize=,minimumSize=,preferredSize=]
2024-11-06 15:45:15,600 [INFO] NvicIntPanel:101 - NVIC parent = com.st.microxplorer.plugins.ip.nvic.MultiNvicIntPanel[,0,0,450x203,layout=javax.swing.BoxLayout,alignmentX=0.0,alignmentY=0.0,border=,flags=9,maximumSize=,minimumSize=,preferredSize=]
2024-11-06 15:45:28,075 [INFO] UtilMem:75 - End SaveConfig() Used Memory: 372688568 Bytes (447741952)
2024-11-06 15:45:30,789 [INFO] UtilMem:75 - End SaveConfig() Used Memory: 387890872 Bytes (447741952)
2024-11-06 15:45:32,098 [INFO] UtilMem:75 - End SaveConfig() Used Memory: 214298064 Bytes (447741952)
2024-11-06 15:45:33,148 [INFO] BlockDiagram:2766 - set Specific Code input for plugin: NVIC
2024-11-06 15:45:33,148 [INFO] BlockDiagram:2766 - set Specific Code input for plugin: TIM1_8F1
2024-11-06 15:45:33,148 [INFO] BlockDiagram:2766 - set Specific Code input for plugin: TIM1_8F1
2024-11-06 15:45:33,148 [INFO] BlockDiagram:2766 - set Specific Code input for plugin: SYS
2024-11-06 15:45:33,149 [INFO] BlockDiagram:2766 - set Specific Code input for plugin: GPIO
2024-11-06 15:45:33,149 [INFO] BlockDiagram:2766 - set Specific Code input for plugin: RCC
2024-11-06 15:45:33,162 [INFO] CodeGenerator:807 - code generatio: config db path: D:\PiYuanZhouLv\ST\STM32CubeIDE_1.15.1\STM32CubeIDE\plugins\com.st.stm32cube.common.mx_6.12.1.202409122256\\db\
2024-11-06 15:45:33,536 [INFO] CodeEngine:255 - oldGeneratedFile, D:\PiYuanZhouLv\sl\BeepSinger\BeepSinger\MXTmpFiles\license.tmp_save
2024-11-06 15:45:34,238 [INFO] CodeEngine:279 - Generated code: D:\PiYuanZhouLv\sl\BeepSinger\BeepSinger\MXTmpFiles\license.tmp
2024-11-06 15:45:34,451 [INFO] CodeEngine:255 - oldGeneratedFile, D:\PiYuanZhouLv\sl\BeepSinger\BeepSinger\MXTmpFiles\gpio.tmp_save
2024-11-06 15:45:34,719 [INFO] CodeEngine:279 - Generated code: D:\PiYuanZhouLv\sl\BeepSinger\BeepSinger\MXTmpFiles\gpio.tmp
2024-11-06 15:45:35,080 [INFO] CodeEngine:255 - oldGeneratedFile, D:\PiYuanZhouLv\sl\BeepSinger\BeepSinger\Core\Src\stm32f1xx_it.c_save
2024-11-06 15:45:35,307 [INFO] CodeEngine:279 - Generated code: D:\PiYuanZhouLv\sl\BeepSinger\BeepSinger\Core\Src\stm32f1xx_it.c
2024-11-06 15:45:35,334 [INFO] CodeEngine:255 - oldGeneratedFile, D:\PiYuanZhouLv\sl\BeepSinger\BeepSinger\Core\Inc\stm32f1xx_it.h_save
2024-11-06 15:45:35,542 [INFO] CodeEngine:279 - Generated code: D:\PiYuanZhouLv\sl\BeepSinger\BeepSinger\Core\Inc\stm32f1xx_it.h
2024-11-06 15:45:35,600 [INFO] CodeEngine:255 - oldGeneratedFile, D:\PiYuanZhouLv\sl\BeepSinger\BeepSinger\Core\Src\stm32f1xx_hal_msp.c_save
2024-11-06 15:45:35,995 [INFO] CodeEngine:279 - Generated code: D:\PiYuanZhouLv\sl\BeepSinger\BeepSinger\Core\Src\stm32f1xx_hal_msp.c
2024-11-06 15:45:36,023 [INFO] CodeEngine:255 - oldGeneratedFile, D:\PiYuanZhouLv\sl\BeepSinger\BeepSinger\MXTmpFiles\system.tmp_save
2024-11-06 15:45:36,185 [INFO] CodeEngine:279 - Generated code: D:\PiYuanZhouLv\sl\BeepSinger\BeepSinger\MXTmpFiles\system.tmp
2024-11-06 15:45:36,234 [INFO] CodeEngine:311 - oldGeneratedFile, D:\PiYuanZhouLv\sl\BeepSinger\BeepSinger\Core\Inc\stm32f1xx_hal_conf.h_save
2024-11-06 15:45:36,409 [INFO] CodeEngine:335 - Generated code: D:\PiYuanZhouLv\sl\BeepSinger\BeepSinger\Core\Inc\stm32f1xx_hal_conf.h
2024-11-06 15:45:36,476 [WARN] IPConfigManager:3554 - IP not found : TIM
2024-11-06 15:45:36,479 [WARN] CodeGenerator:4002 - IP not found : null
2024-11-06 15:45:36,519 [INFO] CodeEngine:255 - oldGeneratedFile, D:\PiYuanZhouLv\sl\BeepSinger\BeepSinger\Core\Inc\main.h_save
2024-11-06 15:45:36,719 [INFO] CodeEngine:279 - Generated code: D:\PiYuanZhouLv\sl\BeepSinger\BeepSinger\Core\Inc\main.h
2024-11-06 15:45:36,746 [INFO] CodeEngine:255 - oldGeneratedFile, D:\PiYuanZhouLv\sl\BeepSinger\BeepSinger\Core\Src\main.c_save
2024-11-06 15:45:37,071 [INFO] CodeEngine:279 - Generated code: D:\PiYuanZhouLv\sl\BeepSinger\BeepSinger\Core\Src\main.c
2024-11-06 15:45:38,178 [INFO] ProjectBuilder:3249 - Time for Copy HAL[1] : 588mS.
2024-11-06 15:45:38,195 [INFO] ProjectBuilder:4828 - Project Generator version: 4.5.0-B34
2024-11-06 15:45:38,330 [INFO] ConfigFileManager:1531 - The Die is : DIE410
2024-11-06 15:45:38,350 [INFO] ApiDbMcu:508 - Load IP Config File for FATFS
2024-11-06 15:45:38,359 [INFO] ApiDbMcu:508 - Load IP Config File for FREERTOS
2024-11-06 15:45:38,370 [INFO] ApiDbMcu:508 - Load IP Config File for USB_DEVICE
2024-11-06 15:45:39,007 [INFO] LogOutputStream:77 - [STDOUT_REDIRECT] 
2024-11-06 15:45:41,698 [INFO] ProjectBuilder:5097 - Time for Generating toolchain IDE Files: 3502mS.
2024-11-06 15:45:41,702 [INFO] ProjectBuilder:3107 - Time for Copy CMSIS : 3mS.
2024-11-06 15:45:41,715 [INFO] ProjectBuilder:3107 - Time for Copy CMSIS : 0mS.
2024-11-06 16:46:35,886 [INFO] NvicIntPanel:101 - NVIC parent = com.st.microxplorer.plugins.ip.nvic.MultiNvicIntPanel[,0,0,0x0,invalid,layout=javax.swing.BoxLayout,alignmentX=0.0,alignmentY=0.0,border=,flags=9,maximumSize=,minimumSize=,preferredSize=]
2024-11-06 16:46:43,357 [INFO] UtilMem:75 - End SaveConfig() Used Memory: 343515816 Bytes (595591168)
2024-11-06 16:46:44,539 [INFO] UtilMem:75 - End SaveConfig() Used Memory: 359731824 Bytes (595591168)
2024-11-06 16:46:45,640 [INFO] UtilMem:75 - End SaveConfig() Used Memory: 417605448 Bytes (595591168)
2024-11-06 16:46:46,150 [INFO] BlockDiagram:2766 - set Specific Code input for plugin: NVIC
2024-11-06 16:46:46,150 [INFO] BlockDiagram:2766 - set Specific Code input for plugin: TIM1_8F1
2024-11-06 16:46:46,150 [INFO] BlockDiagram:2766 - set Specific Code input for plugin: TIM1_8F1
2024-11-06 16:46:46,150 [INFO] BlockDiagram:2766 - set Specific Code input for plugin: SYS
2024-11-06 16:46:46,151 [INFO] BlockDiagram:2766 - set Specific Code input for plugin: GPIO
2024-11-06 16:46:46,151 [INFO] BlockDiagram:2766 - set Specific Code input for plugin: RCC
2024-11-06 16:46:46,156 [INFO] CodeGenerator:807 - code generatio: config db path: D:\PiYuanZhouLv\ST\STM32CubeIDE_1.15.1\STM32CubeIDE\plugins\com.st.stm32cube.common.mx_6.12.1.202409122256\\db\
2024-11-06 16:46:46,323 [INFO] CodeEngine:255 - oldGeneratedFile, D:\PiYuanZhouLv\sl\BeepSinger\BeepSinger\MXTmpFiles\license.tmp_save
2024-11-06 16:46:46,589 [INFO] CodeEngine:279 - Generated code: D:\PiYuanZhouLv\sl\BeepSinger\BeepSinger\MXTmpFiles\license.tmp
2024-11-06 16:46:46,636 [INFO] CodeEngine:255 - oldGeneratedFile, D:\PiYuanZhouLv\sl\BeepSinger\BeepSinger\MXTmpFiles\gpio.tmp_save
2024-11-06 16:46:46,809 [INFO] CodeEngine:279 - Generated code: D:\PiYuanZhouLv\sl\BeepSinger\BeepSinger\MXTmpFiles\gpio.tmp
2024-11-06 16:46:46,994 [INFO] CodeEngine:255 - oldGeneratedFile, D:\PiYuanZhouLv\sl\BeepSinger\BeepSinger\Core\Src\stm32f1xx_it.c_save
2024-11-06 16:46:47,497 [INFO] CodeEngine:279 - Generated code: D:\PiYuanZhouLv\sl\BeepSinger\BeepSinger\Core\Src\stm32f1xx_it.c
2024-11-06 16:46:47,524 [INFO] CodeEngine:255 - oldGeneratedFile, D:\PiYuanZhouLv\sl\BeepSinger\BeepSinger\Core\Inc\stm32f1xx_it.h_save
2024-11-06 16:46:47,699 [INFO] CodeEngine:279 - Generated code: D:\PiYuanZhouLv\sl\BeepSinger\BeepSinger\Core\Inc\stm32f1xx_it.h
2024-11-06 16:46:47,761 [INFO] CodeEngine:255 - oldGeneratedFile, D:\PiYuanZhouLv\sl\BeepSinger\BeepSinger\Core\Src\stm32f1xx_hal_msp.c_save
2024-11-06 16:46:48,065 [INFO] CodeEngine:279 - Generated code: D:\PiYuanZhouLv\sl\BeepSinger\BeepSinger\Core\Src\stm32f1xx_hal_msp.c
2024-11-06 16:46:48,092 [INFO] CodeEngine:255 - oldGeneratedFile, D:\PiYuanZhouLv\sl\BeepSinger\BeepSinger\MXTmpFiles\system.tmp_save
2024-11-06 16:46:48,218 [INFO] CodeEngine:279 - Generated code: D:\PiYuanZhouLv\sl\BeepSinger\BeepSinger\MXTmpFiles\system.tmp
2024-11-06 16:46:48,258 [INFO] CodeEngine:311 - oldGeneratedFile, D:\PiYuanZhouLv\sl\BeepSinger\BeepSinger\Core\Inc\stm32f1xx_hal_conf.h_save
2024-11-06 16:46:48,387 [INFO] CodeEngine:335 - Generated code: D:\PiYuanZhouLv\sl\BeepSinger\BeepSinger\Core\Inc\stm32f1xx_hal_conf.h
2024-11-06 16:46:48,426 [WARN] IPConfigManager:3554 - IP not found : TIM
2024-11-06 16:46:48,428 [WARN] CodeGenerator:4002 - IP not found : null
2024-11-06 16:46:48,452 [INFO] CodeEngine:255 - oldGeneratedFile, D:\PiYuanZhouLv\sl\BeepSinger\BeepSinger\Core\Inc\main.h_save
2024-11-06 16:46:48,612 [INFO] CodeEngine:279 - Generated code: D:\PiYuanZhouLv\sl\BeepSinger\BeepSinger\Core\Inc\main.h
2024-11-06 16:46:48,634 [INFO] CodeEngine:255 - oldGeneratedFile, D:\PiYuanZhouLv\sl\BeepSinger\BeepSinger\Core\Src\main.c_save
2024-11-06 16:46:48,949 [INFO] CodeEngine:279 - Generated code: D:\PiYuanZhouLv\sl\BeepSinger\BeepSinger\Core\Src\main.c
2024-11-06 16:46:50,033 [INFO] ProjectBuilder:3249 - Time for Copy HAL[1] : 560mS.
2024-11-06 16:46:50,041 [INFO] ProjectBuilder:4828 - Project Generator version: 4.5.0-B34
2024-11-06 16:46:50,157 [INFO] ConfigFileManager:1531 - The Die is : DIE410
2024-11-06 16:46:52,325 [INFO] ProjectBuilder:5097 - Time for Generating toolchain IDE Files: 2284mS.
2024-11-06 16:46:52,329 [INFO] ProjectBuilder:3107 - Time for Copy CMSIS : 3mS.
2024-11-06 16:46:52,335 [INFO] ProjectBuilder:3107 - Time for Copy CMSIS : 0mS.
2024-11-06 22:54:49,660 [ERROR] LogOutputStream:75 - [STDERR_REDIRECT] 
